[debug] [2024-01-13T05:37:25.648Z] ----------------------------------------------------------------------
[debug] [2024-01-13T05:37:25.651Z] Command:       C:\Program Files\nodejs\node.exe C:\Users\Asus\AppData\Roaming\npm\node_modules\firebase-tools\lib\bin\firebase.js functions:shell
[debug] [2024-01-13T05:37:25.651Z] CLI Version:   13.0.3
[debug] [2024-01-13T05:37:25.651Z] Platform:      win32
[debug] [2024-01-13T05:37:25.651Z] Node Version:  v20.10.0
[debug] [2024-01-13T05:37:25.651Z] Time:          Sat Jan 13 2024 12:37:25 GMT+0700 (Indochina Time)
[debug] [2024-01-13T05:37:25.652Z] ----------------------------------------------------------------------
[debug] 
[debug] [2024-01-13T05:37:25.655Z] >>> [apiv2][query] GET https://firebase-public.firebaseio.com/cli.json [none]
[debug] [2024-01-13T05:37:25.759Z] > command requires scopes: ["email","openid","https://www.googleapis.com/auth/cloudplatformprojects.readonly","https://www.googleapis.com/auth/firebase","https://www.googleapis.com/auth/cloud-platform"]
[debug] [2024-01-13T05:37:25.759Z] > authorizing via signed-in user (gilang91668@gmail.com)
[debug] [2024-01-13T05:37:25.759Z] [iam] checking project belajarin-ac6fd for permissions ["firebase.projects.get"]
[debug] [2024-01-13T05:37:25.760Z] > refreshing access token with scopes: []
[debug] [2024-01-13T05:37:25.761Z] >>> [apiv2][query] POST https://www.googleapis.com/oauth2/v3/token [none]
[debug] [2024-01-13T05:37:25.761Z] >>> [apiv2][body] POST https://www.googleapis.com/oauth2/v3/token [omitted]
[debug] [2024-01-13T05:37:25.901Z] <<< [apiv2][status] POST https://www.googleapis.com/oauth2/v3/token 200
[debug] [2024-01-13T05:37:25.901Z] <<< [apiv2][body] POST https://www.googleapis.com/oauth2/v3/token [omitted]
[debug] [2024-01-13T05:37:25.909Z] >>> [apiv2][query] POST https://cloudresourcemanager.googleapis.com/v1/projects/belajarin-ac6fd:testIamPermissions [none]
[debug] [2024-01-13T05:37:25.909Z] >>> [apiv2][(partial)header] POST https://cloudresourcemanager.googleapis.com/v1/projects/belajarin-ac6fd:testIamPermissions x-goog-quota-user=projects/belajarin-ac6fd
[debug] [2024-01-13T05:37:25.909Z] >>> [apiv2][body] POST https://cloudresourcemanager.googleapis.com/v1/projects/belajarin-ac6fd:testIamPermissions {"permissions":["firebase.projects.get"]}
[debug] [2024-01-13T05:37:26.308Z] <<< [apiv2][status] GET https://firebase-public.firebaseio.com/cli.json 200
[debug] [2024-01-13T05:37:26.308Z] <<< [apiv2][body] GET https://firebase-public.firebaseio.com/cli.json {"cloudBuildErrorAfter":1594252800000,"cloudBuildWarnAfter":1590019200000,"defaultNode10After":1594252800000,"minVersion":"3.0.5","node8DeploysDisabledAfter":1613390400000,"node8RuntimeDisabledAfter":1615809600000,"node8WarnAfter":1600128000000}
[debug] [2024-01-13T05:37:27.010Z] <<< [apiv2][status] POST https://cloudresourcemanager.googleapis.com/v1/projects/belajarin-ac6fd:testIamPermissions 200
[debug] [2024-01-13T05:37:27.010Z] <<< [apiv2][body] POST https://cloudresourcemanager.googleapis.com/v1/projects/belajarin-ac6fd:testIamPermissions {"permissions":["firebase.projects.get"]}
[debug] [2024-01-13T05:37:27.015Z] [functions] Functions Emulator only supports listening on one address (127.0.0.1). Not listening on ::1
[debug] [2024-01-13T05:37:27.017Z] defaultcredentials: writing to file C:\Users\Asus\AppData\Roaming\firebase\gilang91668_gmail_com_application_default_credentials.json
[debug] [2024-01-13T05:37:27.018Z] DEBUG: Setting GAC to C:\Users\Asus\AppData\Roaming\firebase\gilang91668_gmail_com_application_default_credentials.json
[debug] [2024-01-13T05:37:27.019Z] >>> [apiv2][query] GET https://firebase.googleapis.com/v1beta1/projects/belajarin-ac6fd/adminSdkConfig [none]
[debug] [2024-01-13T05:37:27.961Z] <<< [apiv2][status] GET https://firebase.googleapis.com/v1beta1/projects/belajarin-ac6fd/adminSdkConfig 200
[debug] [2024-01-13T05:37:27.961Z] <<< [apiv2][body] GET https://firebase.googleapis.com/v1beta1/projects/belajarin-ac6fd/adminSdkConfig {"projectId":"belajarin-ac6fd","storageBucket":"belajarin-ac6fd.appspot.com","locationId":"asia-southeast2"}
[debug] [2024-01-13T05:37:27.969Z] [functions] Watching "D:\Hackfest\backendku\functions" for Cloud Functions...
[debug] [2024-01-13T05:37:27.972Z] Validating nodejs source
[debug] [2024-01-13T05:37:30.383Z] > [functions] package.json contents: {
  "name": "functions",
  "description": "Cloud Functions for Firebase",
  "scripts": {
    "serve": "firebase emulators:start --only functions",
    "shell": "firebase functions:shell",
    "start": "npm run shell",
    "deploy": "firebase deploy --only functions",
    "logs": "firebase functions:log"
  },
  "engines": {
    "node": "18"
  },
  "main": "index.js",
  "dependencies": {
    "firebase-admin": "^11.8.0",
    "firebase-functions": "^4.3.1"
  },
  "devDependencies": {
    "firebase-functions-test": "^3.1.0"
  },
  "private": true
}
[debug] [2024-01-13T05:37:30.383Z] Building nodejs source
[debug] [2024-01-13T05:37:30.383Z] Failed to find version of module node: reached end of search path D:\Hackfest\backendku\functions\node_modules
[warn] !  functions: Your requested "node" version "18" doesn't match your global version "20". Using node@20 from host. 
[debug] [2024-01-13T05:37:30.386Z] Could not find functions.yaml. Must use http discovery
[debug] [2024-01-13T05:37:30.393Z] Found firebase-functions binary at 'D:\Hackfest\backendku\functions\node_modules\.bin\firebase-functions'
[info] Serving at port 8783

[debug] [2024-01-13T05:37:31.010Z] Got response from /__/functions.yaml {"endpoints":{"addmessage":{"availableMemoryMb":null,"timeoutSeconds":null,"minInstances":null,"maxInstances":null,"ingressSettings":null,"concurrency":null,"serviceAccountEmail":null,"vpc":null,"platform":"gcfv2","labels":{},"httpsTrigger":{},"entryPoint":"addmessage"},"makeuppercase":{"availableMemoryMb":null,"timeoutSeconds":null,"minInstances":null,"maxInstances":null,"ingressSettings":null,"concurrency":null,"serviceAccountEmail":null,"vpc":null,"platform":"gcfv2","labels":{},"eventTrigger":{"eventType":"google.cloud.firestore.document.v1.created","eventFilters":{"database":"(default)","namespace":"(default)"},"eventFilterPathPatterns":{"document":"messages/{documentId}"},"retry":false},"entryPoint":"makeuppercase"}},"specVersion":"v1alpha1","requiredAPIs":[]}
[debug] [2024-01-13T05:37:36.042Z] [functions] Loaded functions definitions from source: addmessage, makeuppercase.
[debug] [2024-01-13T05:37:36.043Z] [functions[us-central1-addmessage]] http function initialized (http://127.0.0.1:5000/belajarin-ac6fd/us-central1/addmessage).
[debug] [2024-01-13T05:37:36.043Z] [functions[us-central1-makeuppercase]] function ignored because the firestore emulator does not exist or is not running.
[info] i  functions: Loaded functions: addmessage, makeuppercase 
[warn] !  functions: The following emulators are not running, calls to these services will affect production: firestore, database, pubsub, storage, eventarc 
