[debug] [2024-01-12T10:55:16.100Z] ----------------------------------------------------------------------
[debug] [2024-01-12T10:55:16.102Z] Command:       C:\Program Files\nodejs\node.exe C:\Users\Asus\AppData\Roaming\npm\node_modules\firebase-tools\lib\bin\firebase.js deploy
[debug] [2024-01-12T10:55:16.103Z] CLI Version:   13.0.3
[debug] [2024-01-12T10:55:16.103Z] Platform:      win32
[debug] [2024-01-12T10:55:16.103Z] Node Version:  v20.10.0
[debug] [2024-01-12T10:55:16.103Z] Time:          Fri Jan 12 2024 17:55:16 GMT+0700 (Indochina Time)
[debug] [2024-01-12T10:55:16.103Z] ----------------------------------------------------------------------
[debug] 
[debug] [2024-01-12T10:55:16.170Z] > command requires scopes: ["email","openid","https://www.googleapis.com/auth/cloudplatformprojects.readonly","https://www.googleapis.com/auth/firebase","https://www.googleapis.com/auth/cloud-platform"]
[debug] [2024-01-12T10:55:16.170Z] > authorizing via signed-in user (gilang91668@gmail.com)
[debug] [2024-01-12T10:55:16.174Z] [iam] checking project belajarin-ac6fd for permissions ["cloudfunctions.functions.create","cloudfunctions.functions.delete","cloudfunctions.functions.get","cloudfunctions.functions.list","cloudfunctions.functions.update","cloudfunctions.operations.get","datastore.indexes.create","datastore.indexes.delete","datastore.indexes.list","datastore.indexes.update","firebase.projects.get","firebasehosting.sites.update","firebaserules.releases.create","firebaserules.releases.update","firebaserules.rulesets.create"]
[debug] [2024-01-12T10:55:16.176Z] > refreshing access token with scopes: []
[debug] [2024-01-12T10:55:16.178Z] >>> [apiv2][query] POST https://www.googleapis.com/oauth2/v3/token [none]
[debug] [2024-01-12T10:55:16.178Z] >>> [apiv2][body] POST https://www.googleapis.com/oauth2/v3/token [omitted]
[debug] [2024-01-12T10:55:16.487Z] <<< [apiv2][status] POST https://www.googleapis.com/oauth2/v3/token 200
[debug] [2024-01-12T10:55:16.488Z] <<< [apiv2][body] POST https://www.googleapis.com/oauth2/v3/token [omitted]
[debug] [2024-01-12T10:55:16.494Z] >>> [apiv2][query] POST https://cloudresourcemanager.googleapis.com/v1/projects/belajarin-ac6fd:testIamPermissions [none]
[debug] [2024-01-12T10:55:16.495Z] >>> [apiv2][(partial)header] POST https://cloudresourcemanager.googleapis.com/v1/projects/belajarin-ac6fd:testIamPermissions x-goog-quota-user=projects/belajarin-ac6fd
[debug] [2024-01-12T10:55:16.495Z] >>> [apiv2][body] POST https://cloudresourcemanager.googleapis.com/v1/projects/belajarin-ac6fd:testIamPermissions {"permissions":["cloudfunctions.functions.create","cloudfunctions.functions.delete","cloudfunctions.functions.get","cloudfunctions.functions.list","cloudfunctions.functions.update","cloudfunctions.operations.get","datastore.indexes.create","datastore.indexes.delete","datastore.indexes.list","datastore.indexes.update","firebase.projects.get","firebasehosting.sites.update","firebaserules.releases.create","firebaserules.releases.update","firebaserules.rulesets.create"]}
[debug] [2024-01-12T10:55:17.798Z] <<< [apiv2][status] POST https://cloudresourcemanager.googleapis.com/v1/projects/belajarin-ac6fd:testIamPermissions 200
[debug] [2024-01-12T10:55:17.798Z] <<< [apiv2][body] POST https://cloudresourcemanager.googleapis.com/v1/projects/belajarin-ac6fd:testIamPermissions {"permissions":["cloudfunctions.functions.create","cloudfunctions.functions.delete","cloudfunctions.functions.get","cloudfunctions.functions.list","cloudfunctions.functions.update","cloudfunctions.operations.get","datastore.indexes.create","datastore.indexes.delete","datastore.indexes.list","datastore.indexes.update","firebase.projects.get","firebasehosting.sites.update","firebaserules.releases.create","firebaserules.releases.update","firebaserules.rulesets.create"]}
[debug] [2024-01-12T10:55:17.799Z] >>> [apiv2][query] POST https://iam.googleapis.com/v1/projects/belajarin-ac6fd/serviceAccounts/belajarin-ac6fd@appspot.gserviceaccount.com:testIamPermissions [none]
[debug] [2024-01-12T10:55:17.799Z] >>> [apiv2][body] POST https://iam.googleapis.com/v1/projects/belajarin-ac6fd/serviceAccounts/belajarin-ac6fd@appspot.gserviceaccount.com:testIamPermissions {"permissions":["iam.serviceAccounts.actAs"]}
[debug] [2024-01-12T10:55:19.312Z] <<< [apiv2][status] POST https://iam.googleapis.com/v1/projects/belajarin-ac6fd/serviceAccounts/belajarin-ac6fd@appspot.gserviceaccount.com:testIamPermissions 200
[debug] [2024-01-12T10:55:19.312Z] <<< [apiv2][body] POST https://iam.googleapis.com/v1/projects/belajarin-ac6fd/serviceAccounts/belajarin-ac6fd@appspot.gserviceaccount.com:testIamPermissions {"permissions":["iam.serviceAccounts.actAs"]}
[debug] [2024-01-12T10:55:19.313Z] >>> [apiv2][query] GET https://firebase.googleapis.com/v1beta1/projects/belajarin-ac6fd [none]
[debug] [2024-01-12T10:55:19.693Z] <<< [apiv2][status] GET https://firebase.googleapis.com/v1beta1/projects/belajarin-ac6fd 200
[debug] [2024-01-12T10:55:19.693Z] <<< [apiv2][body] GET https://firebase.googleapis.com/v1beta1/projects/belajarin-ac6fd {"projectId":"belajarin-ac6fd","projectNumber":"256761147201","displayName":"belajarin","name":"projects/belajarin-ac6fd","resources":{"hostingSite":"belajarin-ac6fd","storageBucket":"belajarin-ac6fd.appspot.com","locationId":"asia-southeast2"},"state":"ACTIVE","etag":"1_562c1169-2481-403f-8a75-9d55b5a104bc"}
[info] 
[info] === Deploying to 'belajarin-ac6fd'...
[info] 
[info] i  deploying storage, firestore, functions, hosting 
[info] i  storage: ensuring required API firebasestorage.googleapis.com is enabled... 
[debug] [2024-01-12T10:55:19.697Z] >>> [apiv2][query] GET https://serviceusage.googleapis.com/v1/projects/belajarin-ac6fd/services/firebasestorage.googleapis.com [none]
[debug] [2024-01-12T10:55:19.697Z] >>> [apiv2][(partial)header] GET https://serviceusage.googleapis.com/v1/projects/belajarin-ac6fd/services/firebasestorage.googleapis.com x-goog-quota-user=projects/belajarin-ac6fd
[debug] [2024-01-12T10:55:21.439Z] <<< [apiv2][status] GET https://serviceusage.googleapis.com/v1/projects/belajarin-ac6fd/services/firebasestorage.googleapis.com 200
[debug] [2024-01-12T10:55:21.439Z] <<< [apiv2][body] GET https://serviceusage.googleapis.com/v1/projects/belajarin-ac6fd/services/firebasestorage.googleapis.com [omitted]
[info] +  storage: required API firebasestorage.googleapis.com is enabled 
[debug] [2024-01-12T10:55:21.440Z] >>> [apiv2][query] GET https://firebasestorage.googleapis.com/v1alpha/projects/belajarin-ac6fd/defaultBucket [none]
[debug] [2024-01-12T10:55:22.287Z] <<< [apiv2][status] GET https://firebasestorage.googleapis.com/v1alpha/projects/belajarin-ac6fd/defaultBucket 200
[debug] [2024-01-12T10:55:22.287Z] <<< [apiv2][body] GET https://firebasestorage.googleapis.com/v1alpha/projects/belajarin-ac6fd/defaultBucket {"name":"projects/belajarin-ac6fd/defaultBucket","location":"ASIA-SOUTHEAST2","bucket":{"name":"projects/belajarin-ac6fd/buckets/belajarin-ac6fd.appspot.com"}}
[info] i  firebase.storage: checking storage.rules for compilation errors... 
[debug] [2024-01-12T10:55:22.289Z] >>> [apiv2][query] POST https://firebaserules.googleapis.com/v1/projects/belajarin-ac6fd:test [none]
[debug] [2024-01-12T10:55:22.289Z] >>> [apiv2][body] POST https://firebaserules.googleapis.com/v1/projects/belajarin-ac6fd:test [omitted]
[debug] [2024-01-12T10:55:23.803Z] <<< [apiv2][status] POST https://firebaserules.googleapis.com/v1/projects/belajarin-ac6fd:test 200
[debug] [2024-01-12T10:55:23.803Z] <<< [apiv2][body] POST https://firebaserules.googleapis.com/v1/projects/belajarin-ac6fd:test {}
[info] +  firebase.storage: rules file storage.rules compiled successfully 
[info] i  firestore: reading indexes from firestore.indexes.json... 
[info] i  cloud.firestore: checking firestore.rules for compilation errors... 
[debug] [2024-01-12T10:55:23.805Z] >>> [apiv2][query] POST https://firebaserules.googleapis.com/v1/projects/belajarin-ac6fd:test [none]
[debug] [2024-01-12T10:55:23.805Z] >>> [apiv2][body] POST https://firebaserules.googleapis.com/v1/projects/belajarin-ac6fd:test [omitted]
[debug] [2024-01-12T10:55:25.125Z] <<< [apiv2][status] POST https://firebaserules.googleapis.com/v1/projects/belajarin-ac6fd:test 200
[debug] [2024-01-12T10:55:25.125Z] <<< [apiv2][body] POST https://firebaserules.googleapis.com/v1/projects/belajarin-ac6fd:test {}
[info] +  cloud.firestore: rules file firestore.rules compiled successfully 
[debug] [2024-01-12T10:55:25.127Z] >>> [apiv2][query] GET https://firebase.googleapis.com/v1beta1/projects/belajarin-ac6fd [none]
[debug] [2024-01-12T10:55:25.461Z] <<< [apiv2][status] GET https://firebase.googleapis.com/v1beta1/projects/belajarin-ac6fd 200
[debug] [2024-01-12T10:55:25.461Z] <<< [apiv2][body] GET https://firebase.googleapis.com/v1beta1/projects/belajarin-ac6fd {"projectId":"belajarin-ac6fd","projectNumber":"256761147201","displayName":"belajarin","name":"projects/belajarin-ac6fd","resources":{"hostingSite":"belajarin-ac6fd","storageBucket":"belajarin-ac6fd.appspot.com","locationId":"asia-southeast2"},"state":"ACTIVE","etag":"1_562c1169-2481-403f-8a75-9d55b5a104bc"}
[info] i  functions: preparing codebase default for deployment 
[info] i  functions: ensuring required API cloudfunctions.googleapis.com is enabled... 
[info] i  functions: ensuring required API cloudbuild.googleapis.com is enabled... 
[info] i  artifactregistry: ensuring required API artifactregistry.googleapis.com is enabled... 
[debug] [2024-01-12T10:55:25.463Z] >>> [apiv2][query] GET https://serviceusage.googleapis.com/v1/projects/belajarin-ac6fd/services/cloudfunctions.googleapis.com [none]
[debug] [2024-01-12T10:55:25.463Z] >>> [apiv2][(partial)header] GET https://serviceusage.googleapis.com/v1/projects/belajarin-ac6fd/services/cloudfunctions.googleapis.com x-goog-quota-user=projects/belajarin-ac6fd
[debug] [2024-01-12T10:55:25.464Z] >>> [apiv2][query] GET https://serviceusage.googleapis.com/v1/projects/belajarin-ac6fd/services/runtimeconfig.googleapis.com [none]
[debug] [2024-01-12T10:55:25.464Z] >>> [apiv2][(partial)header] GET https://serviceusage.googleapis.com/v1/projects/belajarin-ac6fd/services/runtimeconfig.googleapis.com x-goog-quota-user=projects/belajarin-ac6fd
[debug] [2024-01-12T10:55:25.465Z] >>> [apiv2][query] GET https://serviceusage.googleapis.com/v1/projects/belajarin-ac6fd/services/cloudbuild.googleapis.com [none]
[debug] [2024-01-12T10:55:25.465Z] >>> [apiv2][(partial)header] GET https://serviceusage.googleapis.com/v1/projects/belajarin-ac6fd/services/cloudbuild.googleapis.com x-goog-quota-user=projects/belajarin-ac6fd
[debug] [2024-01-12T10:55:25.467Z] >>> [apiv2][query] GET https://serviceusage.googleapis.com/v1/projects/belajarin-ac6fd/services/artifactregistry.googleapis.com [none]
[debug] [2024-01-12T10:55:25.467Z] >>> [apiv2][(partial)header] GET https://serviceusage.googleapis.com/v1/projects/belajarin-ac6fd/services/artifactregistry.googleapis.com x-goog-quota-user=projects/belajarin-ac6fd
[debug] [2024-01-12T10:55:26.920Z] <<< [apiv2][status] GET https://serviceusage.googleapis.com/v1/projects/belajarin-ac6fd/services/runtimeconfig.googleapis.com 200
[debug] [2024-01-12T10:55:26.920Z] <<< [apiv2][body] GET https://serviceusage.googleapis.com/v1/projects/belajarin-ac6fd/services/runtimeconfig.googleapis.com [omitted]
[debug] [2024-01-12T10:55:27.071Z] <<< [apiv2][status] GET https://serviceusage.googleapis.com/v1/projects/belajarin-ac6fd/services/cloudfunctions.googleapis.com 200
[debug] [2024-01-12T10:55:27.071Z] <<< [apiv2][body] GET https://serviceusage.googleapis.com/v1/projects/belajarin-ac6fd/services/cloudfunctions.googleapis.com [omitted]
[info] +  functions: required API cloudfunctions.googleapis.com is enabled 
[debug] [2024-01-12T10:55:27.186Z] <<< [apiv2][status] GET https://serviceusage.googleapis.com/v1/projects/belajarin-ac6fd/services/cloudbuild.googleapis.com 200
[debug] [2024-01-12T10:55:27.187Z] <<< [apiv2][body] GET https://serviceusage.googleapis.com/v1/projects/belajarin-ac6fd/services/cloudbuild.googleapis.com [omitted]
[info] +  functions: required API cloudbuild.googleapis.com is enabled 
[debug] [2024-01-12T10:55:27.187Z] <<< [apiv2][status] GET https://serviceusage.googleapis.com/v1/projects/belajarin-ac6fd/services/artifactregistry.googleapis.com 200
[debug] [2024-01-12T10:55:27.187Z] <<< [apiv2][body] GET https://serviceusage.googleapis.com/v1/projects/belajarin-ac6fd/services/artifactregistry.googleapis.com [omitted]
[info] +  artifactregistry: required API artifactregistry.googleapis.com is enabled 
[debug] [2024-01-12T10:55:27.188Z] >>> [apiv2][query] GET https://firebase.googleapis.com/v1beta1/projects/belajarin-ac6fd/adminSdkConfig [none]
[debug] [2024-01-12T10:55:27.706Z] <<< [apiv2][status] GET https://firebase.googleapis.com/v1beta1/projects/belajarin-ac6fd/adminSdkConfig 200
[debug] [2024-01-12T10:55:27.706Z] <<< [apiv2][body] GET https://firebase.googleapis.com/v1beta1/projects/belajarin-ac6fd/adminSdkConfig {"projectId":"belajarin-ac6fd","storageBucket":"belajarin-ac6fd.appspot.com","locationId":"asia-southeast2"}
[debug] [2024-01-12T10:55:27.706Z] >>> [apiv2][query] GET https://runtimeconfig.googleapis.com/v1beta1/projects/belajarin-ac6fd/configs [none]
[debug] [2024-01-12T10:55:29.325Z] <<< [apiv2][status] GET https://runtimeconfig.googleapis.com/v1beta1/projects/belajarin-ac6fd/configs 200
[debug] [2024-01-12T10:55:29.325Z] <<< [apiv2][body] GET https://runtimeconfig.googleapis.com/v1beta1/projects/belajarin-ac6fd/configs {}
[debug] [2024-01-12T10:55:29.327Z] Validating nodejs source
[debug] [2024-01-12T10:55:30.950Z] > [functions] package.json contents: {
  "name": "functions",
  "description": "Cloud Functions for Firebase",
  "scripts": {
    "serve": "firebase emulators:start --only functions",
    "shell": "firebase functions:shell",
    "start": "npm run shell",
    "deploy": "firebase deploy --only functions",
    "logs": "firebase functions:log"
  },
  "engines": {
    "node": "18"
  },
  "main": "index.js",
  "dependencies": {
    "firebase-admin": "^11.8.0",
    "firebase-functions": "^4.3.1"
  },
  "devDependencies": {
    "firebase-functions-test": "^3.1.0"
  },
  "private": true
}
[debug] [2024-01-12T10:55:30.951Z] Building nodejs source
[info] i  functions: Loading and analyzing source code for codebase default to determine what to deploy 
[debug] [2024-01-12T10:55:30.952Z] Could not find functions.yaml. Must use http discovery
[debug] [2024-01-12T10:55:30.963Z] Found firebase-functions binary at 'D:\Hackfest\backendku\functions\node_modules\.bin\firebase-functions'
[info] Serving at port 8197

[debug] [2024-01-12T10:55:31.645Z] Got response from /__/functions.yaml {"endpoints":{"addmessage":{"availableMemoryMb":null,"timeoutSeconds":null,"minInstances":null,"maxInstances":null,"ingressSettings":null,"concurrency":null,"serviceAccountEmail":null,"vpc":null,"platform":"gcfv2","labels":{},"httpsTrigger":{},"entryPoint":"addmessage"},"makeuppercase":{"availableMemoryMb":null,"timeoutSeconds":null,"minInstances":null,"maxInstances":null,"ingressSettings":null,"concurrency":null,"serviceAccountEmail":null,"vpc":null,"platform":"gcfv2","labels":{},"eventTrigger":{"eventType":"google.cloud.firestore.document.v1.created","eventFilters":{"database":"(default)","namespace":"(default)"},"eventFilterPathPatterns":{"document":"messages/{documentId}"},"retry":false},"entryPoint":"makeuppercase"}},"specVersion":"v1alpha1","requiredAPIs":[]}
[info] i  functions: preparing functions directory for uploading... 
[info] i  functions: packaged D:\Hackfest\backendku\functions (66.96 KB) for uploading 
[debug] [2024-01-12T10:55:36.708Z] >>> [apiv2][query] GET https://cloudfunctions.googleapis.com/v1/projects/belajarin-ac6fd/locations/-/functions [none]
[debug] [2024-01-12T10:55:37.475Z] <<< [apiv2][status] GET https://cloudfunctions.googleapis.com/v1/projects/belajarin-ac6fd/locations/-/functions 200
[debug] [2024-01-12T10:55:37.475Z] <<< [apiv2][body] GET https://cloudfunctions.googleapis.com/v1/projects/belajarin-ac6fd/locations/-/functions {"functions":[{"name":"projects/belajarin-ac6fd/locations/us-central1/functions/ext-firestore-send-email-processQueue","description":"Processes document changes in the specified Cloud Firestore collection, delivers emails, and updates the document with delivery status information.","sourceArchiveUrl":"gs://firebase-mod-sources-prod/bed760380b248c0c7de3cf8949c5755915166e67eccaac149bed582d98c9de8b","eventTrigger":{"eventType":"providers/cloud.firestore/eventTypes/document.write","resource":"projects/belajarin-ac6fd/databases/(default)/documents/mail/{id}","service":"firestore.googleapis.com","failurePolicy":{}},"status":"ACTIVE","entryPoint":"processQueue","timeout":"60s","availableMemoryMb":256,"serviceAccountEmail":"ext-firestore-send-email@belajarin-ac6fd.iam.gserviceaccount.com","updateTime":"2024-01-11T18:54:53.225Z","versionId":"2","labels":{"firebase-extensions-ar":"enabled","goog-dm":"firebase-ext-firestore-send-email","goog-firebase-ext":"firestore-send-email","deployment-tool":"firebase-extensions","goog-firebase-ext-iid":"firestore-send-email"},"environmentVariables":{"DATABASE_INSTANCE":"","DATABASE_URL":"","DEFAULT_FROM":"halobelajarin@gmail.com","DEFAULT_REPLY_TO":"halobelajarin@gmail.com","EXT_INSTANCE_ID":"firestore-send-email","FIREBASE_CONFIG":"{\"projectId\":\"belajarin-ac6fd\",\"databaseURL\":\"\",\"storageBucket\":\"belajarin-ac6fd.appspot.com\"}","GCLOUD_PROJECT":"belajarin-ac6fd","LOCATION":"us-central1","MAIL_COLLECTION":"mail","PROJECT_ID":"belajarin-ac6fd","SMTP_CONNECTION_URI":"smtps://halobelajarin@gmail.com:password@smtp.gmail.com:465","STORAGE_BUCKET":"belajarin-ac6fd.appspot.com","TTL_EXPIRE_TYPE":"never","TTL_EXPIRE_VALUE":"1"},"runtime":"nodejs18","maxInstances":3000,"ingressSettings":"ALLOW_INTERNAL_ONLY","buildId":"4497b067-6a23-4fda-b985-aaf0293ebd05","buildEnvironmentVariables":{"GOOGLE_NODE_RUN_SCRIPTS":""},"secretEnvironmentVariables":[{"key":"SMTP_PASSWORD","projectId":"256761147201","secret":"firestore-send-email-SMTP_PASSWORD","version":"3"}],"buildName":"projects/256761147201/locations/us-central1/builds/4497b067-6a23-4fda-b985-aaf0293ebd05","dockerRegistry":"ARTIFACT_REGISTRY","automaticUpdatePolicy":{}}]}
[debug] [2024-01-12T10:55:37.477Z] >>> [apiv2][query] GET https://cloudfunctions.googleapis.com/v2/projects/belajarin-ac6fd/locations/-/functions filter=environment%3D%22GEN_2%22
[debug] [2024-01-12T10:55:39.089Z] <<< [apiv2][status] GET https://cloudfunctions.googleapis.com/v2/projects/belajarin-ac6fd/locations/-/functions 200
[debug] [2024-01-12T10:55:39.089Z] <<< [apiv2][body] GET https://cloudfunctions.googleapis.com/v2/projects/belajarin-ac6fd/locations/-/functions {}
[debug] [2024-01-12T10:55:39.090Z] >>> [apiv2][query] GET https://firestore.googleapis.com/v1/projects/belajarin-ac6fd/databases/(default) [none]
[debug] [2024-01-12T10:55:39.249Z] <<< [apiv2][status] GET https://firestore.googleapis.com/v1/projects/belajarin-ac6fd/databases/(default) 200
[debug] [2024-01-12T10:55:39.250Z] <<< [apiv2][body] GET https://firestore.googleapis.com/v1/projects/belajarin-ac6fd/databases/(default) {"name":"projects/belajarin-ac6fd/databases/(default)","uid":"d4934908-d373-4d9d-860d-6cdb673fe34e","createTime":"2024-01-07T07:28:39.386787Z","updateTime":"2024-01-07T07:28:39.386787Z","locationId":"asia-southeast2","type":"FIRESTORE_NATIVE","concurrencyMode":"PESSIMISTIC","versionRetentionPeriod":"3600s","earliestVersionTime":"2024-01-12T09:55:40.811798Z","appEngineIntegrationMode":"DISABLED","keyPrefix":"zet","pointInTimeRecoveryEnablement":"POINT_IN_TIME_RECOVERY_DISABLED","deleteProtectionState":"DELETE_PROTECTION_DISABLED","etag":"IKLInYrY14MDMOO2icLhyoMD"}
[info] i  functions: ensuring required API run.googleapis.com is enabled... 
[info] i  functions: ensuring required API eventarc.googleapis.com is enabled... 
[info] i  functions: ensuring required API pubsub.googleapis.com is enabled... 
[info] i  functions: ensuring required API storage.googleapis.com is enabled... 
[debug] [2024-01-12T10:55:39.252Z] >>> [apiv2][query] GET https://serviceusage.googleapis.com/v1/projects/belajarin-ac6fd/services/run.googleapis.com [none]
[debug] [2024-01-12T10:55:39.252Z] >>> [apiv2][(partial)header] GET https://serviceusage.googleapis.com/v1/projects/belajarin-ac6fd/services/run.googleapis.com x-goog-quota-user=projects/belajarin-ac6fd
[debug] [2024-01-12T10:55:39.254Z] >>> [apiv2][query] GET https://serviceusage.googleapis.com/v1/projects/belajarin-ac6fd/services/eventarc.googleapis.com [none]
[debug] [2024-01-12T10:55:39.254Z] >>> [apiv2][(partial)header] GET https://serviceusage.googleapis.com/v1/projects/belajarin-ac6fd/services/eventarc.googleapis.com x-goog-quota-user=projects/belajarin-ac6fd
[debug] [2024-01-12T10:55:39.255Z] >>> [apiv2][query] GET https://serviceusage.googleapis.com/v1/projects/belajarin-ac6fd/services/pubsub.googleapis.com [none]
[debug] [2024-01-12T10:55:39.255Z] >>> [apiv2][(partial)header] GET https://serviceusage.googleapis.com/v1/projects/belajarin-ac6fd/services/pubsub.googleapis.com x-goog-quota-user=projects/belajarin-ac6fd
[debug] [2024-01-12T10:55:39.256Z] >>> [apiv2][query] GET https://serviceusage.googleapis.com/v1/projects/belajarin-ac6fd/services/storage.googleapis.com [none]
[debug] [2024-01-12T10:55:39.256Z] >>> [apiv2][(partial)header] GET https://serviceusage.googleapis.com/v1/projects/belajarin-ac6fd/services/storage.googleapis.com x-goog-quota-user=projects/belajarin-ac6fd
[debug] [2024-01-12T10:55:41.078Z] <<< [apiv2][status] GET https://serviceusage.googleapis.com/v1/projects/belajarin-ac6fd/services/pubsub.googleapis.com 200
[debug] [2024-01-12T10:55:41.078Z] <<< [apiv2][body] GET https://serviceusage.googleapis.com/v1/projects/belajarin-ac6fd/services/pubsub.googleapis.com [omitted]
[info] +  functions: required API pubsub.googleapis.com is enabled 
[debug] [2024-01-12T10:55:41.079Z] <<< [apiv2][status] GET https://serviceusage.googleapis.com/v1/projects/belajarin-ac6fd/services/eventarc.googleapis.com 200
[debug] [2024-01-12T10:55:41.079Z] <<< [apiv2][body] GET https://serviceusage.googleapis.com/v1/projects/belajarin-ac6fd/services/eventarc.googleapis.com [omitted]
[info] +  functions: required API eventarc.googleapis.com is enabled 
[debug] [2024-01-12T10:55:41.079Z] <<< [apiv2][status] GET https://serviceusage.googleapis.com/v1/projects/belajarin-ac6fd/services/storage.googleapis.com 200
[debug] [2024-01-12T10:55:41.079Z] <<< [apiv2][body] GET https://serviceusage.googleapis.com/v1/projects/belajarin-ac6fd/services/storage.googleapis.com [omitted]
[info] +  functions: required API storage.googleapis.com is enabled 
[debug] [2024-01-12T10:55:41.080Z] <<< [apiv2][status] GET https://serviceusage.googleapis.com/v1/projects/belajarin-ac6fd/services/run.googleapis.com 200
[debug] [2024-01-12T10:55:41.080Z] <<< [apiv2][body] GET https://serviceusage.googleapis.com/v1/projects/belajarin-ac6fd/services/run.googleapis.com [omitted]
[info] +  functions: required API run.googleapis.com is enabled 
[info] i  functions: generating the service identity for pubsub.googleapis.com... 
[info] i  functions: generating the service identity for eventarc.googleapis.com... 
[debug] [2024-01-12T10:55:41.081Z] >>> [apiv2][query] POST https://serviceusage.googleapis.com/v1beta1/projects/256761147201/services/pubsub.googleapis.com:generateServiceIdentity [none]
[debug] [2024-01-12T10:55:41.081Z] >>> [apiv2][query] POST https://serviceusage.googleapis.com/v1beta1/projects/256761147201/services/eventarc.googleapis.com:generateServiceIdentity [none]
[debug] [2024-01-12T10:55:42.724Z] <<< [apiv2][status] POST https://serviceusage.googleapis.com/v1beta1/projects/256761147201/services/eventarc.googleapis.com:generateServiceIdentity 200
[debug] [2024-01-12T10:55:42.724Z] <<< [apiv2][body] POST https://serviceusage.googleapis.com/v1beta1/projects/256761147201/services/eventarc.googleapis.com:generateServiceIdentity {"name":"operations/finished.DONE_OPERATION","done":true,"response":{"@type":"type.googleapis.com/google.api.serviceusage.v1beta1.ServiceIdentity","email":"service-256761147201@gcp-sa-eventarc.iam.gserviceaccount.com","uniqueId":"109103989291892853900"}}
[debug] [2024-01-12T10:55:42.774Z] <<< [apiv2][status] POST https://serviceusage.googleapis.com/v1beta1/projects/256761147201/services/pubsub.googleapis.com:generateServiceIdentity 200
[debug] [2024-01-12T10:55:42.774Z] <<< [apiv2][body] POST https://serviceusage.googleapis.com/v1beta1/projects/256761147201/services/pubsub.googleapis.com:generateServiceIdentity {"name":"operations/finished.DONE_OPERATION","done":true,"response":{"@type":"type.googleapis.com/google.api.serviceusage.v1beta1.ServiceIdentity","email":"service-256761147201@gcp-sa-pubsub.iam.gserviceaccount.com","uniqueId":"109701478659296543127"}}
[debug] [2024-01-12T10:55:42.775Z] >>> [apiv2][query] POST https://cloudresourcemanager.googleapis.com/v1/projects/256761147201:getIamPolicy [none]
[debug] [2024-01-12T10:55:43.960Z] <<< [apiv2][status] POST https://cloudresourcemanager.googleapis.com/v1/projects/256761147201:getIamPolicy 200
[debug] [2024-01-12T10:55:43.960Z] <<< [apiv2][body] POST https://cloudresourcemanager.googleapis.com/v1/projects/256761147201:getIamPolicy {"version":1,"etag":"BwYOr4431dg=","bindings":[{"role":"roles/artifactregistry.serviceAgent","members":["serviceAccount:service-256761147201@gcp-sa-artifactregistry.iam.gserviceaccount.com"]},{"role":"roles/cloudbuild.builds.builder","members":["serviceAccount:256761147201@cloudbuild.gserviceaccount.com"]},{"role":"roles/cloudbuild.serviceAgent","members":["serviceAccount:service-256761147201@gcp-sa-cloudbuild.iam.gserviceaccount.com"]},{"role":"roles/cloudfunctions.admin","members":["serviceAccount:firebase-adminsdk-u8o70@belajarin-ac6fd.iam.gserviceaccount.com"]},{"role":"roles/cloudfunctions.developer","members":["serviceAccount:github-action-740578175@belajarin-ac6fd.iam.gserviceaccount.com","serviceAccount:github-action-742032503@belajarin-ac6fd.iam.gserviceaccount.com"]},{"role":"roles/cloudfunctions.serviceAgent","members":["serviceAccount:service-256761147201@gcf-admin-robot.iam.gserviceaccount.com"]},{"role":"roles/containerregistry.ServiceAgent","members":["serviceAccount:service-256761147201@containerregistry.iam.gserviceaccount.com"]},{"role":"roles/datastore.user","members":["serviceAccount:ext-firestore-send-email@belajarin-ac6fd.iam.gserviceaccount.com"]},{"role":"roles/editor","members":["serviceAccount:256761147201-compute@developer.gserviceaccount.com","serviceAccount:256761147201@cloudservices.gserviceaccount.com","serviceAccount:belajarin-ac6fd@appspot.gserviceaccount.com","user:dancingkoala14@gmail.com","user:zkyxentertain@gmail.com"]},{"role":"roles/eventarc.eventReceiver","members":["serviceAccount:256761147201-compute@developer.gserviceaccount.com"]},{"role":"roles/eventarc.serviceAgent","members":["serviceAccount:service-256761147201@gcp-sa-eventarc.iam.gserviceaccount.com"]},{"role":"roles/firebase.managementServiceAgent","members":["serviceAccount:firebase-service-account@firebase-sa-management.iam.gserviceaccount.com","serviceAccount:service-256761147201@gcp-sa-firebase.iam.gserviceaccount.com"]},{"role":"roles/firebase.sdkAdminServiceAgent","members":["serviceAccount:firebase-adminsdk-u8o70@belajarin-ac6fd.iam.gserviceaccount.com"]},{"role":"roles/firebaseauth.admin","members":["serviceAccount:firebase-adminsdk-u8o70@belajarin-ac6fd.iam.gserviceaccount.com","serviceAccount:github-action-740578175@belajarin-ac6fd.iam.gserviceaccount.com","serviceAccount:github-action-742032503@belajarin-ac6fd.iam.gserviceaccount.com"]},{"role":"roles/firebasedatabase.admin","members":["serviceAccount:firebase-adminsdk-u8o70@belajarin-ac6fd.iam.gserviceaccount.com"]},{"role":"roles/firebasehosting.admin","members":["serviceAccount:github-action-740578175@belajarin-ac6fd.iam.gserviceaccount.com","serviceAccount:github-action-742032503@belajarin-ac6fd.iam.gserviceaccount.com"]},{"role":"roles/firebasemods.serviceAgent","members":["serviceAccount:service-256761147201@gcp-sa-firebasemods.iam.gserviceaccount.com"]},{"role":"roles/firebaserules.system","members":["serviceAccount:service-256761147201@firebase-rules.iam.gserviceaccount.com"]},{"role":"roles/firebasestorage.serviceAgent","members":["serviceAccount:service-256761147201@gcp-sa-firebasestorage.iam.gserviceaccount.com"]},{"role":"roles/firestore.serviceAgent","members":["serviceAccount:service-256761147201@gcp-sa-firestore.iam.gserviceaccount.com"]},{"role":"roles/iam.serviceAccountTokenCreator","members":["serviceAccount:firebase-adminsdk-u8o70@belajarin-ac6fd.iam.gserviceaccount.com","serviceAccount:service-256761147201@gcp-sa-pubsub.iam.gserviceaccount.com"]},{"role":"roles/owner","members":["user:gilang91668@gmail.com"]},{"role":"roles/run.invoker","members":["serviceAccount:256761147201-compute@developer.gserviceaccount.com"]},{"role":"roles/run.serviceAgent","members":["serviceAccount:service-256761147201@serverless-robot-prod.iam.gserviceaccount.com"]},{"role":"roles/run.viewer","members":["serviceAccount:github-action-740578175@belajarin-ac6fd.iam.gserviceaccount.com","serviceAccount:github-action-742032503@belajarin-ac6fd.iam.gserviceaccount.com"]},{"role":"roles/serviceusage.apiKeysViewer","members":["serviceAccount:github-action-740578175@belajarin-ac6fd.iam.gserviceaccount.com","serviceAccount:github-action-742032503@belajarin-ac6fd.iam.gserviceaccount.com"]},{"role":"roles/storage.admin","members":["serviceAccount:firebase-adminsdk-u8o70@belajarin-ac6fd.iam.gserviceaccount.com"]}]}
[debug] [2024-01-12T10:55:43.961Z] >>> [apiv2][query] GET https://firebase.googleapis.com/v1beta1/projects/belajarin-ac6fd [none]
[debug] [2024-01-12T10:55:44.552Z] <<< [apiv2][status] GET https://firebase.googleapis.com/v1beta1/projects/belajarin-ac6fd 200
[debug] [2024-01-12T10:55:44.552Z] <<< [apiv2][body] GET https://firebase.googleapis.com/v1beta1/projects/belajarin-ac6fd {"projectId":"belajarin-ac6fd","projectNumber":"256761147201","displayName":"belajarin","name":"projects/belajarin-ac6fd","resources":{"hostingSite":"belajarin-ac6fd","storageBucket":"belajarin-ac6fd.appspot.com","locationId":"asia-southeast2"},"state":"ACTIVE","etag":"1_562c1169-2481-403f-8a75-9d55b5a104bc"}
[debug] [2024-01-12T10:55:44.555Z] >>> [apiv2][query] POST https://firebasehosting.googleapis.com/v1beta1/projects/-/sites/belajarin-ac6fd/versions [none]
[debug] [2024-01-12T10:55:44.555Z] >>> [apiv2][body] POST https://firebasehosting.googleapis.com/v1beta1/projects/-/sites/belajarin-ac6fd/versions {"status":"CREATED","labels":{"deployment-tool":"cli-firebase"}}
[debug] [2024-01-12T10:55:46.646Z] <<< [apiv2][status] POST https://firebasehosting.googleapis.com/v1beta1/projects/-/sites/belajarin-ac6fd/versions 200
[debug] [2024-01-12T10:55:46.647Z] <<< [apiv2][body] POST https://firebasehosting.googleapis.com/v1beta1/projects/-/sites/belajarin-ac6fd/versions {"name":"projects/256761147201/sites/belajarin-ac6fd/versions/1303a431a5847f78","status":"CREATED","config":{},"labels":{"deployment-tool":"cli-firebase"}}
[debug] [2024-01-12T10:55:46.647Z] >>> [apiv2][query] GET https://firebaserules.googleapis.com/v1/projects/belajarin-ac6fd/releases pageSize=10&pageToken=
[debug] [2024-01-12T10:55:48.174Z] <<< [apiv2][status] GET https://firebaserules.googleapis.com/v1/projects/belajarin-ac6fd/releases 200
[debug] [2024-01-12T10:55:48.174Z] <<< [apiv2][body] GET https://firebaserules.googleapis.com/v1/projects/belajarin-ac6fd/releases {"releases":[{"name":"projects/belajarin-ac6fd/releases/cloud.firestore","rulesetName":"projects/belajarin-ac6fd/rulesets/df43fd55-b111-472e-9e34-3c822832c7a9","createTime":"2024-01-07T07:28:48.383881Z","updateTime":"2024-01-11T18:55:23.898011Z"},{"name":"projects/belajarin-ac6fd/releases/firebase.storage/belajarin-ac6fd.appspot.com","rulesetName":"projects/belajarin-ac6fd/rulesets/f028445e-50e5-4817-9792-5e322b08bdd8","createTime":"2024-01-11T18:17:19.933404Z","updateTime":"2024-01-11T18:17:19.933404Z"}]}
[debug] [2024-01-12T10:55:48.185Z] >>> [apiv2][query] GET https://firebaserules.googleapis.com/v1/projects/belajarin-ac6fd/rulesets/f028445e-50e5-4817-9792-5e322b08bdd8 [none]
[debug] [2024-01-12T10:55:49.479Z] <<< [apiv2][status] GET https://firebaserules.googleapis.com/v1/projects/belajarin-ac6fd/rulesets/f028445e-50e5-4817-9792-5e322b08bdd8 200
[debug] [2024-01-12T10:55:49.479Z] <<< [apiv2][body] GET https://firebaserules.googleapis.com/v1/projects/belajarin-ac6fd/rulesets/f028445e-50e5-4817-9792-5e322b08bdd8 [omitted]
[debug] [2024-01-12T10:55:49.480Z] >>> [apiv2][query] POST https://cloudresourcemanager.googleapis.com/v1/projects/256761147201:getIamPolicy [none]
[debug] [2024-01-12T10:55:50.895Z] <<< [apiv2][status] POST https://cloudresourcemanager.googleapis.com/v1/projects/256761147201:getIamPolicy 200
[debug] [2024-01-12T10:55:50.895Z] <<< [apiv2][body] POST https://cloudresourcemanager.googleapis.com/v1/projects/256761147201:getIamPolicy {"version":1,"etag":"BwYOr4431dg=","bindings":[{"role":"roles/artifactregistry.serviceAgent","members":["serviceAccount:service-256761147201@gcp-sa-artifactregistry.iam.gserviceaccount.com"]},{"role":"roles/cloudbuild.builds.builder","members":["serviceAccount:256761147201@cloudbuild.gserviceaccount.com"]},{"role":"roles/cloudbuild.serviceAgent","members":["serviceAccount:service-256761147201@gcp-sa-cloudbuild.iam.gserviceaccount.com"]},{"role":"roles/cloudfunctions.admin","members":["serviceAccount:firebase-adminsdk-u8o70@belajarin-ac6fd.iam.gserviceaccount.com"]},{"role":"roles/cloudfunctions.developer","members":["serviceAccount:github-action-740578175@belajarin-ac6fd.iam.gserviceaccount.com","serviceAccount:github-action-742032503@belajarin-ac6fd.iam.gserviceaccount.com"]},{"role":"roles/cloudfunctions.serviceAgent","members":["serviceAccount:service-256761147201@gcf-admin-robot.iam.gserviceaccount.com"]},{"role":"roles/containerregistry.ServiceAgent","members":["serviceAccount:service-256761147201@containerregistry.iam.gserviceaccount.com"]},{"role":"roles/datastore.user","members":["serviceAccount:ext-firestore-send-email@belajarin-ac6fd.iam.gserviceaccount.com"]},{"role":"roles/editor","members":["serviceAccount:256761147201-compute@developer.gserviceaccount.com","serviceAccount:256761147201@cloudservices.gserviceaccount.com","serviceAccount:belajarin-ac6fd@appspot.gserviceaccount.com","user:dancingkoala14@gmail.com","user:zkyxentertain@gmail.com"]},{"role":"roles/eventarc.eventReceiver","members":["serviceAccount:256761147201-compute@developer.gserviceaccount.com"]},{"role":"roles/eventarc.serviceAgent","members":["serviceAccount:service-256761147201@gcp-sa-eventarc.iam.gserviceaccount.com"]},{"role":"roles/firebase.managementServiceAgent","members":["serviceAccount:firebase-service-account@firebase-sa-management.iam.gserviceaccount.com","serviceAccount:service-256761147201@gcp-sa-firebase.iam.gserviceaccount.com"]},{"role":"roles/firebase.sdkAdminServiceAgent","members":["serviceAccount:firebase-adminsdk-u8o70@belajarin-ac6fd.iam.gserviceaccount.com"]},{"role":"roles/firebaseauth.admin","members":["serviceAccount:firebase-adminsdk-u8o70@belajarin-ac6fd.iam.gserviceaccount.com","serviceAccount:github-action-740578175@belajarin-ac6fd.iam.gserviceaccount.com","serviceAccount:github-action-742032503@belajarin-ac6fd.iam.gserviceaccount.com"]},{"role":"roles/firebasedatabase.admin","members":["serviceAccount:firebase-adminsdk-u8o70@belajarin-ac6fd.iam.gserviceaccount.com"]},{"role":"roles/firebasehosting.admin","members":["serviceAccount:github-action-740578175@belajarin-ac6fd.iam.gserviceaccount.com","serviceAccount:github-action-742032503@belajarin-ac6fd.iam.gserviceaccount.com"]},{"role":"roles/firebasemods.serviceAgent","members":["serviceAccount:service-256761147201@gcp-sa-firebasemods.iam.gserviceaccount.com"]},{"role":"roles/firebaserules.system","members":["serviceAccount:service-256761147201@firebase-rules.iam.gserviceaccount.com"]},{"role":"roles/firebasestorage.serviceAgent","members":["serviceAccount:service-256761147201@gcp-sa-firebasestorage.iam.gserviceaccount.com"]},{"role":"roles/firestore.serviceAgent","members":["serviceAccount:service-256761147201@gcp-sa-firestore.iam.gserviceaccount.com"]},{"role":"roles/iam.serviceAccountTokenCreator","members":["serviceAccount:firebase-adminsdk-u8o70@belajarin-ac6fd.iam.gserviceaccount.com","serviceAccount:service-256761147201@gcp-sa-pubsub.iam.gserviceaccount.com"]},{"role":"roles/owner","members":["user:gilang91668@gmail.com"]},{"role":"roles/run.invoker","members":["serviceAccount:256761147201-compute@developer.gserviceaccount.com"]},{"role":"roles/run.serviceAgent","members":["serviceAccount:service-256761147201@serverless-robot-prod.iam.gserviceaccount.com"]},{"role":"roles/run.viewer","members":["serviceAccount:github-action-740578175@belajarin-ac6fd.iam.gserviceaccount.com","serviceAccount:github-action-742032503@belajarin-ac6fd.iam.gserviceaccount.com"]},{"role":"roles/serviceusage.apiKeysViewer","members":["serviceAccount:github-action-740578175@belajarin-ac6fd.iam.gserviceaccount.com","serviceAccount:github-action-742032503@belajarin-ac6fd.iam.gserviceaccount.com"]},{"role":"roles/storage.admin","members":["serviceAccount:firebase-adminsdk-u8o70@belajarin-ac6fd.iam.gserviceaccount.com"]}]}
[debug] [2024-01-12T10:56:02.981Z] >>> [apiv2][query] POST https://cloudresourcemanager.googleapis.com/v1/projects/256761147201:getIamPolicy [none]
[debug] [2024-01-12T10:56:04.219Z] <<< [apiv2][status] POST https://cloudresourcemanager.googleapis.com/v1/projects/256761147201:getIamPolicy 200
[debug] [2024-01-12T10:56:04.219Z] <<< [apiv2][body] POST https://cloudresourcemanager.googleapis.com/v1/projects/256761147201:getIamPolicy {"version":1,"etag":"BwYOr4431dg=","bindings":[{"role":"roles/artifactregistry.serviceAgent","members":["serviceAccount:service-256761147201@gcp-sa-artifactregistry.iam.gserviceaccount.com"]},{"role":"roles/cloudbuild.builds.builder","members":["serviceAccount:256761147201@cloudbuild.gserviceaccount.com"]},{"role":"roles/cloudbuild.serviceAgent","members":["serviceAccount:service-256761147201@gcp-sa-cloudbuild.iam.gserviceaccount.com"]},{"role":"roles/cloudfunctions.admin","members":["serviceAccount:firebase-adminsdk-u8o70@belajarin-ac6fd.iam.gserviceaccount.com"]},{"role":"roles/cloudfunctions.developer","members":["serviceAccount:github-action-740578175@belajarin-ac6fd.iam.gserviceaccount.com","serviceAccount:github-action-742032503@belajarin-ac6fd.iam.gserviceaccount.com"]},{"role":"roles/cloudfunctions.serviceAgent","members":["serviceAccount:service-256761147201@gcf-admin-robot.iam.gserviceaccount.com"]},{"role":"roles/containerregistry.ServiceAgent","members":["serviceAccount:service-256761147201@containerregistry.iam.gserviceaccount.com"]},{"role":"roles/datastore.user","members":["serviceAccount:ext-firestore-send-email@belajarin-ac6fd.iam.gserviceaccount.com"]},{"role":"roles/editor","members":["serviceAccount:256761147201-compute@developer.gserviceaccount.com","serviceAccount:256761147201@cloudservices.gserviceaccount.com","serviceAccount:belajarin-ac6fd@appspot.gserviceaccount.com","user:dancingkoala14@gmail.com","user:zkyxentertain@gmail.com"]},{"role":"roles/eventarc.eventReceiver","members":["serviceAccount:256761147201-compute@developer.gserviceaccount.com"]},{"role":"roles/eventarc.serviceAgent","members":["serviceAccount:service-256761147201@gcp-sa-eventarc.iam.gserviceaccount.com"]},{"role":"roles/firebase.managementServiceAgent","members":["serviceAccount:firebase-service-account@firebase-sa-management.iam.gserviceaccount.com","serviceAccount:service-256761147201@gcp-sa-firebase.iam.gserviceaccount.com"]},{"role":"roles/firebase.sdkAdminServiceAgent","members":["serviceAccount:firebase-adminsdk-u8o70@belajarin-ac6fd.iam.gserviceaccount.com"]},{"role":"roles/firebaseauth.admin","members":["serviceAccount:firebase-adminsdk-u8o70@belajarin-ac6fd.iam.gserviceaccount.com","serviceAccount:github-action-740578175@belajarin-ac6fd.iam.gserviceaccount.com","serviceAccount:github-action-742032503@belajarin-ac6fd.iam.gserviceaccount.com"]},{"role":"roles/firebasedatabase.admin","members":["serviceAccount:firebase-adminsdk-u8o70@belajarin-ac6fd.iam.gserviceaccount.com"]},{"role":"roles/firebasehosting.admin","members":["serviceAccount:github-action-740578175@belajarin-ac6fd.iam.gserviceaccount.com","serviceAccount:github-action-742032503@belajarin-ac6fd.iam.gserviceaccount.com"]},{"role":"roles/firebasemods.serviceAgent","members":["serviceAccount:service-256761147201@gcp-sa-firebasemods.iam.gserviceaccount.com"]},{"role":"roles/firebaserules.system","members":["serviceAccount:service-256761147201@firebase-rules.iam.gserviceaccount.com"]},{"role":"roles/firebasestorage.serviceAgent","members":["serviceAccount:service-256761147201@gcp-sa-firebasestorage.iam.gserviceaccount.com"]},{"role":"roles/firestore.serviceAgent","members":["serviceAccount:service-256761147201@gcp-sa-firestore.iam.gserviceaccount.com"]},{"role":"roles/iam.serviceAccountTokenCreator","members":["serviceAccount:firebase-adminsdk-u8o70@belajarin-ac6fd.iam.gserviceaccount.com","serviceAccount:service-256761147201@gcp-sa-pubsub.iam.gserviceaccount.com"]},{"role":"roles/owner","members":["user:gilang91668@gmail.com"]},{"role":"roles/run.invoker","members":["serviceAccount:256761147201-compute@developer.gserviceaccount.com"]},{"role":"roles/run.serviceAgent","members":["serviceAccount:service-256761147201@serverless-robot-prod.iam.gserviceaccount.com"]},{"role":"roles/run.viewer","members":["serviceAccount:github-action-740578175@belajarin-ac6fd.iam.gserviceaccount.com","serviceAccount:github-action-742032503@belajarin-ac6fd.iam.gserviceaccount.com"]},{"role":"roles/serviceusage.apiKeysViewer","members":["serviceAccount:github-action-740578175@belajarin-ac6fd.iam.gserviceaccount.com","serviceAccount:github-action-742032503@belajarin-ac6fd.iam.gserviceaccount.com"]},{"role":"roles/storage.admin","members":["serviceAccount:firebase-adminsdk-u8o70@belajarin-ac6fd.iam.gserviceaccount.com"]}]}
[debug] [2024-01-12T10:56:04.219Z] >>> [apiv2][query] POST https://cloudresourcemanager.googleapis.com/v1/projects/256761147201:setIamPolicy [none]
[debug] [2024-01-12T10:56:04.220Z] >>> [apiv2][body] POST https://cloudresourcemanager.googleapis.com/v1/projects/256761147201:setIamPolicy {"policy":{"version":1,"etag":"BwYOr4431dg=","bindings":[{"role":"roles/artifactregistry.serviceAgent","members":["serviceAccount:service-256761147201@gcp-sa-artifactregistry.iam.gserviceaccount.com"]},{"role":"roles/cloudbuild.builds.builder","members":["serviceAccount:256761147201@cloudbuild.gserviceaccount.com"]},{"role":"roles/cloudbuild.serviceAgent","members":["serviceAccount:service-256761147201@gcp-sa-cloudbuild.iam.gserviceaccount.com"]},{"role":"roles/cloudfunctions.admin","members":["serviceAccount:firebase-adminsdk-u8o70@belajarin-ac6fd.iam.gserviceaccount.com"]},{"role":"roles/cloudfunctions.developer","members":["serviceAccount:github-action-740578175@belajarin-ac6fd.iam.gserviceaccount.com","serviceAccount:github-action-742032503@belajarin-ac6fd.iam.gserviceaccount.com"]},{"role":"roles/cloudfunctions.serviceAgent","members":["serviceAccount:service-256761147201@gcf-admin-robot.iam.gserviceaccount.com"]},{"role":"roles/containerregistry.ServiceAgent","members":["serviceAccount:service-256761147201@containerregistry.iam.gserviceaccount.com"]},{"role":"roles/datastore.user","members":["serviceAccount:ext-firestore-send-email@belajarin-ac6fd.iam.gserviceaccount.com"]},{"role":"roles/editor","members":["serviceAccount:256761147201-compute@developer.gserviceaccount.com","serviceAccount:256761147201@cloudservices.gserviceaccount.com","serviceAccount:belajarin-ac6fd@appspot.gserviceaccount.com","user:dancingkoala14@gmail.com","user:zkyxentertain@gmail.com"]},{"role":"roles/eventarc.eventReceiver","members":["serviceAccount:256761147201-compute@developer.gserviceaccount.com"]},{"role":"roles/eventarc.serviceAgent","members":["serviceAccount:service-256761147201@gcp-sa-eventarc.iam.gserviceaccount.com"]},{"role":"roles/firebase.managementServiceAgent","members":["serviceAccount:firebase-service-account@firebase-sa-management.iam.gserviceaccount.com","serviceAccount:service-256761147201@gcp-sa-firebase.iam.gserviceaccount.com"]},{"role":"roles/firebase.sdkAdminServiceAgent","members":["serviceAccount:firebase-adminsdk-u8o70@belajarin-ac6fd.iam.gserviceaccount.com"]},{"role":"roles/firebaseauth.admin","members":["serviceAccount:firebase-adminsdk-u8o70@belajarin-ac6fd.iam.gserviceaccount.com","serviceAccount:github-action-740578175@belajarin-ac6fd.iam.gserviceaccount.com","serviceAccount:github-action-742032503@belajarin-ac6fd.iam.gserviceaccount.com"]},{"role":"roles/firebasedatabase.admin","members":["serviceAccount:firebase-adminsdk-u8o70@belajarin-ac6fd.iam.gserviceaccount.com"]},{"role":"roles/firebasehosting.admin","members":["serviceAccount:github-action-740578175@belajarin-ac6fd.iam.gserviceaccount.com","serviceAccount:github-action-742032503@belajarin-ac6fd.iam.gserviceaccount.com"]},{"role":"roles/firebasemods.serviceAgent","members":["serviceAccount:service-256761147201@gcp-sa-firebasemods.iam.gserviceaccount.com"]},{"role":"roles/firebaserules.system","members":["serviceAccount:service-256761147201@firebase-rules.iam.gserviceaccount.com"]},{"role":"roles/firebasestorage.serviceAgent","members":["serviceAccount:service-256761147201@gcp-sa-firebasestorage.iam.gserviceaccount.com"]},{"role":"roles/firestore.serviceAgent","members":["serviceAccount:service-256761147201@gcp-sa-firestore.iam.gserviceaccount.com"]},{"role":"roles/iam.serviceAccountTokenCreator","members":["serviceAccount:firebase-adminsdk-u8o70@belajarin-ac6fd.iam.gserviceaccount.com","serviceAccount:service-256761147201@gcp-sa-pubsub.iam.gserviceaccount.com"]},{"role":"roles/owner","members":["user:gilang91668@gmail.com"]},{"role":"roles/run.invoker","members":["serviceAccount:256761147201-compute@developer.gserviceaccount.com"]},{"role":"roles/run.serviceAgent","members":["serviceAccount:service-256761147201@serverless-robot-prod.iam.gserviceaccount.com"]},{"role":"roles/run.viewer","members":["serviceAccount:github-action-740578175@belajarin-ac6fd.iam.gserviceaccount.com","serviceAccount:github-action-742032503@belajarin-ac6fd.iam.gserviceaccount.com"]},{"role":"roles/serviceusage.apiKeysViewer","members":["serviceAccount:github-action-740578175@belajarin-ac6fd.iam.gserviceaccount.com","serviceAccount:github-action-742032503@belajarin-ac6fd.iam.gserviceaccount.com"]},{"role":"roles/storage.admin","members":["serviceAccount:firebase-adminsdk-u8o70@belajarin-ac6fd.iam.gserviceaccount.com"]},{"role":"roles/firebaserules.firestoreServiceAgent","members":["serviceAccount:service-256761147201@gcp-sa-firebasestorage.iam.gserviceaccount.com"]}]},"updateMask":"bindings"}
[debug] [2024-01-12T10:56:05.416Z] <<< [apiv2][status] POST https://cloudresourcemanager.googleapis.com/v1/projects/256761147201:setIamPolicy 200
[debug] [2024-01-12T10:56:05.416Z] <<< [apiv2][body] POST https://cloudresourcemanager.googleapis.com/v1/projects/256761147201:setIamPolicy {"version":1,"etag":"BwYOvYLVFYU=","bindings":[{"role":"roles/artifactregistry.serviceAgent","members":["serviceAccount:service-256761147201@gcp-sa-artifactregistry.iam.gserviceaccount.com"]},{"role":"roles/cloudbuild.builds.builder","members":["serviceAccount:256761147201@cloudbuild.gserviceaccount.com"]},{"role":"roles/cloudbuild.serviceAgent","members":["serviceAccount:service-256761147201@gcp-sa-cloudbuild.iam.gserviceaccount.com"]},{"role":"roles/cloudfunctions.admin","members":["serviceAccount:firebase-adminsdk-u8o70@belajarin-ac6fd.iam.gserviceaccount.com"]},{"role":"roles/cloudfunctions.developer","members":["serviceAccount:github-action-740578175@belajarin-ac6fd.iam.gserviceaccount.com","serviceAccount:github-action-742032503@belajarin-ac6fd.iam.gserviceaccount.com"]},{"role":"roles/cloudfunctions.serviceAgent","members":["serviceAccount:service-256761147201@gcf-admin-robot.iam.gserviceaccount.com"]},{"role":"roles/containerregistry.ServiceAgent","members":["serviceAccount:service-256761147201@containerregistry.iam.gserviceaccount.com"]},{"role":"roles/datastore.user","members":["serviceAccount:ext-firestore-send-email@belajarin-ac6fd.iam.gserviceaccount.com"]},{"role":"roles/editor","members":["serviceAccount:256761147201-compute@developer.gserviceaccount.com","serviceAccount:256761147201@cloudservices.gserviceaccount.com","serviceAccount:belajarin-ac6fd@appspot.gserviceaccount.com","user:dancingkoala14@gmail.com","user:zkyxentertain@gmail.com"]},{"role":"roles/eventarc.eventReceiver","members":["serviceAccount:256761147201-compute@developer.gserviceaccount.com"]},{"role":"roles/eventarc.serviceAgent","members":["serviceAccount:service-256761147201@gcp-sa-eventarc.iam.gserviceaccount.com"]},{"role":"roles/firebase.managementServiceAgent","members":["serviceAccount:firebase-service-account@firebase-sa-management.iam.gserviceaccount.com","serviceAccount:service-256761147201@gcp-sa-firebase.iam.gserviceaccount.com"]},{"role":"roles/firebase.sdkAdminServiceAgent","members":["serviceAccount:firebase-adminsdk-u8o70@belajarin-ac6fd.iam.gserviceaccount.com"]},{"role":"roles/firebaseauth.admin","members":["serviceAccount:firebase-adminsdk-u8o70@belajarin-ac6fd.iam.gserviceaccount.com","serviceAccount:github-action-740578175@belajarin-ac6fd.iam.gserviceaccount.com","serviceAccount:github-action-742032503@belajarin-ac6fd.iam.gserviceaccount.com"]},{"role":"roles/firebasedatabase.admin","members":["serviceAccount:firebase-adminsdk-u8o70@belajarin-ac6fd.iam.gserviceaccount.com"]},{"role":"roles/firebasehosting.admin","members":["serviceAccount:github-action-740578175@belajarin-ac6fd.iam.gserviceaccount.com","serviceAccount:github-action-742032503@belajarin-ac6fd.iam.gserviceaccount.com"]},{"role":"roles/firebasemods.serviceAgent","members":["serviceAccount:service-256761147201@gcp-sa-firebasemods.iam.gserviceaccount.com"]},{"role":"roles/firebaserules.firestoreServiceAgent","members":["serviceAccount:service-256761147201@gcp-sa-firebasestorage.iam.gserviceaccount.com"]},{"role":"roles/firebaserules.system","members":["serviceAccount:service-256761147201@firebase-rules.iam.gserviceaccount.com"]},{"role":"roles/firebasestorage.serviceAgent","members":["serviceAccount:service-256761147201@gcp-sa-firebasestorage.iam.gserviceaccount.com"]},{"role":"roles/firestore.serviceAgent","members":["serviceAccount:service-256761147201@gcp-sa-firestore.iam.gserviceaccount.com"]},{"role":"roles/iam.serviceAccountTokenCreator","members":["serviceAccount:firebase-adminsdk-u8o70@belajarin-ac6fd.iam.gserviceaccount.com","serviceAccount:service-256761147201@gcp-sa-pubsub.iam.gserviceaccount.com"]},{"role":"roles/owner","members":["user:gilang91668@gmail.com"]},{"role":"roles/run.invoker","members":["serviceAccount:256761147201-compute@developer.gserviceaccount.com"]},{"role":"roles/run.serviceAgent","members":["serviceAccount:service-256761147201@serverless-robot-prod.iam.gserviceaccount.com"]},{"role":"roles/run.viewer","members":["serviceAccount:github-action-740578175@belajarin-ac6fd.iam.gserviceaccount.com","serviceAccount:github-action-742032503@belajarin-ac6fd.iam.gserviceaccount.com"]},{"role":"roles/serviceusage.apiKeysViewer","members":["serviceAccount:github-action-740578175@belajarin-ac6fd.iam.gserviceaccount.com","serviceAccount:github-action-742032503@belajarin-ac6fd.iam.gserviceaccount.com"]},{"role":"roles/storage.admin","members":["serviceAccount:firebase-adminsdk-u8o70@belajarin-ac6fd.iam.gserviceaccount.com"]}]}
[info] i  storage: updated service account for cross-service rules... 
[info] i  storage: uploading rules storage.rules... 
[debug] [2024-01-12T10:56:05.417Z] >>> [apiv2][query] POST https://firebaserules.googleapis.com/v1/projects/belajarin-ac6fd/rulesets [none]
[debug] [2024-01-12T10:56:05.417Z] >>> [apiv2][body] POST https://firebaserules.googleapis.com/v1/projects/belajarin-ac6fd/rulesets [omitted]
[debug] [2024-01-12T10:56:06.960Z] <<< [apiv2][status] POST https://firebaserules.googleapis.com/v1/projects/belajarin-ac6fd/rulesets 200
[debug] [2024-01-12T10:56:06.960Z] <<< [apiv2][body] POST https://firebaserules.googleapis.com/v1/projects/belajarin-ac6fd/rulesets {"name":"projects/belajarin-ac6fd/rulesets/0a851fef-29be-459d-b686-878a0381abc5","source":{"files":[{"content":"rules_version = '2';\n\n// Craft rules based on data in your Firestore database\n// allow write: if firestore.get(\n//    /databases/(default)/documents/users/$(request.auth.uid)).data.isAdmin;\nservice firebase.storage {\n  match /b/{bucket}/o {\n    match /{allPaths=**} {\n      allow read, write: if false;\n    }\n  }\n}\n","name":"storage.rules"}]},"createTime":"2024-01-12T10:56:08.281439Z","metadata":{"services":["firebase.storage"]}}
[debug] [2024-01-12T10:56:06.960Z] [rules] created ruleset projects/belajarin-ac6fd/rulesets/0a851fef-29be-459d-b686-878a0381abc5
[info] i  firestore: deploying indexes... 
[debug] [2024-01-12T10:56:06.962Z] >>> [apiv2][query] GET https://firebaserules.googleapis.com/v1/projects/belajarin-ac6fd/releases pageSize=10&pageToken=
[debug] [2024-01-12T10:56:06.962Z] >>> [apiv2][query] GET https://firestore.googleapis.com/v1/projects/belajarin-ac6fd/databases/(default)/collectionGroups/-/indexes [none]
[debug] [2024-01-12T10:56:07.089Z] <<< [apiv2][status] GET https://firestore.googleapis.com/v1/projects/belajarin-ac6fd/databases/(default)/collectionGroups/-/indexes 200
[debug] [2024-01-12T10:56:07.089Z] <<< [apiv2][body] GET https://firestore.googleapis.com/v1/projects/belajarin-ac6fd/databases/(default)/collectionGroups/-/indexes {}
[debug] [2024-01-12T10:56:07.090Z] >>> [apiv2][query] GET https://firestore.googleapis.com/v1/projects/belajarin-ac6fd/databases/(default)/collectionGroups/-/fields?filter=indexConfig.usesAncestorConfig=false OR ttlConfig:* [none]
[debug] [2024-01-12T10:56:07.168Z] <<< [apiv2][status] GET https://firestore.googleapis.com/v1/projects/belajarin-ac6fd/databases/(default)/collectionGroups/-/fields?filter=indexConfig.usesAncestorConfig=false OR ttlConfig:* 200
[debug] [2024-01-12T10:56:07.168Z] <<< [apiv2][body] GET https://firestore.googleapis.com/v1/projects/belajarin-ac6fd/databases/(default)/collectionGroups/-/fields?filter=indexConfig.usesAncestorConfig=false OR ttlConfig:* {"fields":[{"name":"projects/belajarin-ac6fd/databases/(default)/collectionGroups/__default__/fields/*","indexConfig":{"indexes":[{"queryScope":"COLLECTION","fields":[{"fieldPath":"*","order":"ASCENDING"}],"state":"READY"},{"queryScope":"COLLECTION","fields":[{"fieldPath":"*","order":"DESCENDING"}],"state":"READY"},{"queryScope":"COLLECTION","fields":[{"fieldPath":"*","arrayConfig":"CONTAINS"}],"state":"READY"}]}}]}
[info] +  firestore: deployed indexes in firestore.indexes.json successfully for (default) database 
[debug] [2024-01-12T10:56:08.271Z] <<< [apiv2][status] GET https://firebaserules.googleapis.com/v1/projects/belajarin-ac6fd/releases 200
[debug] [2024-01-12T10:56:08.272Z] <<< [apiv2][body] GET https://firebaserules.googleapis.com/v1/projects/belajarin-ac6fd/releases {"releases":[{"name":"projects/belajarin-ac6fd/releases/cloud.firestore","rulesetName":"projects/belajarin-ac6fd/rulesets/df43fd55-b111-472e-9e34-3c822832c7a9","createTime":"2024-01-07T07:28:48.383881Z","updateTime":"2024-01-11T18:55:23.898011Z"},{"name":"projects/belajarin-ac6fd/releases/firebase.storage/belajarin-ac6fd.appspot.com","rulesetName":"projects/belajarin-ac6fd/rulesets/f028445e-50e5-4817-9792-5e322b08bdd8","createTime":"2024-01-11T18:17:19.933404Z","updateTime":"2024-01-11T18:17:19.933404Z"}]}
[debug] [2024-01-12T10:56:08.272Z] >>> [apiv2][query] GET https://firebaserules.googleapis.com/v1/projects/belajarin-ac6fd/rulesets/df43fd55-b111-472e-9e34-3c822832c7a9 [none]
[debug] [2024-01-12T10:56:09.568Z] <<< [apiv2][status] GET https://firebaserules.googleapis.com/v1/projects/belajarin-ac6fd/rulesets/df43fd55-b111-472e-9e34-3c822832c7a9 200
[debug] [2024-01-12T10:56:09.568Z] <<< [apiv2][body] GET https://firebaserules.googleapis.com/v1/projects/belajarin-ac6fd/rulesets/df43fd55-b111-472e-9e34-3c822832c7a9 [omitted]
[info] i  firestore: latest version of firestore.rules already up to date, skipping upload... 
[debug] [2024-01-12T10:56:09.569Z] [functions] found 1 new HTTP functions, testing setIamPolicy permission...
[debug] [2024-01-12T10:56:09.569Z] >>> [apiv2][query] POST https://cloudresourcemanager.googleapis.com/v1/projects/belajarin-ac6fd:testIamPermissions [none]
[debug] [2024-01-12T10:56:09.569Z] >>> [apiv2][(partial)header] POST https://cloudresourcemanager.googleapis.com/v1/projects/belajarin-ac6fd:testIamPermissions x-goog-quota-user=projects/belajarin-ac6fd
[debug] [2024-01-12T10:56:09.569Z] >>> [apiv2][body] POST https://cloudresourcemanager.googleapis.com/v1/projects/belajarin-ac6fd:testIamPermissions {"permissions":["cloudfunctions.functions.setIamPolicy"]}
[debug] [2024-01-12T10:56:09.792Z] <<< [apiv2][status] POST https://cloudresourcemanager.googleapis.com/v1/projects/belajarin-ac6fd:testIamPermissions 200
[debug] [2024-01-12T10:56:09.792Z] <<< [apiv2][body] POST https://cloudresourcemanager.googleapis.com/v1/projects/belajarin-ac6fd:testIamPermissions {"permissions":["cloudfunctions.functions.setIamPolicy"]}
[debug] [2024-01-12T10:56:09.792Z] [functions] found setIamPolicy permission, proceeding with deploy
[debug] [2024-01-12T10:56:09.793Z] >>> [apiv2][query] POST https://cloudfunctions.googleapis.com/v2/projects/belajarin-ac6fd/locations/us-central1/functions:generateUploadUrl [none]
[debug] [2024-01-12T10:56:11.276Z] <<< [apiv2][status] POST https://cloudfunctions.googleapis.com/v2/projects/belajarin-ac6fd/locations/us-central1/functions:generateUploadUrl 200
[debug] [2024-01-12T10:56:11.276Z] <<< [apiv2][body] POST https://cloudfunctions.googleapis.com/v2/projects/belajarin-ac6fd/locations/us-central1/functions:generateUploadUrl {"uploadUrl":"https://storage.googleapis.com/gcf-v2-uploads-256761147201-us-central1/501b15ae-8f70-47aa-9b56-34fa018d2901.zip?GoogleAccessId=service-256761147201@gcf-admin-robot.iam.gserviceaccount.com&Expires=1705058772&Signature=PHve%2FIjtKlA6KTlHPL0bzhDIyjsbh95QCqd7mU3xro%2B%2FgWe017IM45FyZU6GFluINIb28ennMZAxETBKOakAW8zn8pwzZHGICGiMs1Su802FpCy5w55jMktiqHqckdygAj9I7hdnKunJVArfnnvUG9bpYk0ZNdJn3dlN4MjLGu7GrqVbg2i2D1XPK2sTSOxRVECOCsGPIDnlGHOY%2FqXiRLTdf0JtlOy%2FsuwzoutNeHt0QYPBmQDA1BTfyAtPhAEFopP222GPctcOK8r7yAFGze816bo8WshixAD00ifOYtn%2FjBJyZa3ocnSnciRVR2S1WdCt2dmZzOikupbQbwrntw%3D%3D","storageSource":{"bucket":"gcf-v2-uploads-256761147201-us-central1","object":"501b15ae-8f70-47aa-9b56-34fa018d2901.zip"}}
[debug] [2024-01-12T10:56:11.278Z] >>> [apiv2][query] PUT https://storage.googleapis.com/gcf-v2-uploads-256761147201-us-central1/501b15ae-8f70-47aa-9b56-34fa018d2901.zip GoogleAccessId=service-256761147201%40gcf-admin-robot.iam.gserviceaccount.com&Expires=1705058772&Signature=PHve%2FIjtKlA6KTlHPL0bzhDIyjsbh95QCqd7mU3xro%2B%2FgWe017IM45FyZU6GFluINIb28ennMZAxETBKOakAW8zn8pwzZHGICGiMs1Su802FpCy5w55jMktiqHqckdygAj9I7hdnKunJVArfnnvUG9bpYk0ZNdJn3dlN4MjLGu7GrqVbg2i2D1XPK2sTSOxRVECOCsGPIDnlGHOY%2FqXiRLTdf0JtlOy%2FsuwzoutNeHt0QYPBmQDA1BTfyAtPhAEFopP222GPctcOK8r7yAFGze816bo8WshixAD00ifOYtn%2FjBJyZa3ocnSnciRVR2S1WdCt2dmZzOikupbQbwrntw%3D%3D
[debug] [2024-01-12T10:56:11.278Z] >>> [apiv2][body] PUT https://storage.googleapis.com/gcf-v2-uploads-256761147201-us-central1/501b15ae-8f70-47aa-9b56-34fa018d2901.zip [stream]
[debug] [2024-01-12T10:56:11.928Z] <<< [apiv2][status] PUT https://storage.googleapis.com/gcf-v2-uploads-256761147201-us-central1/501b15ae-8f70-47aa-9b56-34fa018d2901.zip 200
[debug] [2024-01-12T10:56:11.928Z] <<< [apiv2][body] PUT https://storage.googleapis.com/gcf-v2-uploads-256761147201-us-central1/501b15ae-8f70-47aa-9b56-34fa018d2901.zip [omitted]
[info] +  functions: functions folder uploaded successfully 
[info] i  hosting[belajarin-ac6fd]: beginning deploy... 
[info] i  hosting[belajarin-ac6fd]: found 2 files in public 
[debug] [2024-01-12T10:56:11.933Z] [hosting] uploading with 200 concurrency
[debug] [2024-01-12T10:56:11.937Z] [hosting] hash cache [cHVibGlj] stored for 2 files
[debug] [2024-01-12T10:56:11.937Z] [hosting][hash queue][FINAL] {"max":1,"min":0,"avg":0,"active":0,"complete":2,"success":2,"errored":0,"retried":0,"total":2,"elapsed":3}
[debug] [2024-01-12T10:56:11.937Z] >>> [apiv2][query] POST https://firebasehosting.googleapis.com/v1beta1/projects/256761147201/sites/belajarin-ac6fd/versions/1303a431a5847f78:populateFiles [none]
[debug] [2024-01-12T10:56:11.937Z] >>> [apiv2][body] POST https://firebasehosting.googleapis.com/v1beta1/projects/256761147201/sites/belajarin-ac6fd/versions/1303a431a5847f78:populateFiles {"files":{"/404.html":"762bf484ba67404bd1a3b181546ea28d60dfddf18e9dd4795d8d25bcf3c1a890","/index.html":"6131bea37167a717d0b048e9354308e9e99850eb39d0214ed9d75cdff723ebcb"}}
[debug] [2024-01-12T10:56:13.193Z] <<< [apiv2][status] POST https://firebasehosting.googleapis.com/v1beta1/projects/256761147201/sites/belajarin-ac6fd/versions/1303a431a5847f78:populateFiles 200
[debug] [2024-01-12T10:56:13.193Z] <<< [apiv2][body] POST https://firebasehosting.googleapis.com/v1beta1/projects/256761147201/sites/belajarin-ac6fd/versions/1303a431a5847f78:populateFiles {"uploadUrl":"https://upload-firebasehosting.googleapis.com/upload/sites/belajarin-ac6fd/versions/1303a431a5847f78/files"}
[debug] [2024-01-12T10:56:13.194Z] [hosting][populate queue][FINAL] {"max":1259,"min":1259,"avg":1259,"active":0,"complete":1,"success":1,"errored":0,"retried":0,"total":1,"elapsed":1259}
[debug] [2024-01-12T10:56:13.194Z] [hosting] uploads queued: 0
[debug] [2024-01-12T10:56:13.194Z] [hosting][upload queue][FINAL] {"max":0,"min":9999999999,"avg":0,"active":0,"complete":0,"success":0,"errored":0,"retried":0,"total":0,"elapsed":1705056973194}
[info] +  hosting[belajarin-ac6fd]: file upload complete 
[debug] [2024-01-12T10:56:13.195Z] [hosting] deploy completed after 1265ms
[debug] [2024-01-12T10:56:13.195Z] [rules] releasing firebase.storage/belajarin-ac6fd.appspot.com with ruleset projects/belajarin-ac6fd/rulesets/0a851fef-29be-459d-b686-878a0381abc5
[debug] [2024-01-12T10:56:13.195Z] >>> [apiv2][query] PATCH https://firebaserules.googleapis.com/v1/projects/belajarin-ac6fd/releases/firebase.storage/belajarin-ac6fd.appspot.com [none]
[debug] [2024-01-12T10:56:13.195Z] >>> [apiv2][body] PATCH https://firebaserules.googleapis.com/v1/projects/belajarin-ac6fd/releases/firebase.storage/belajarin-ac6fd.appspot.com {"release":{"name":"projects/belajarin-ac6fd/releases/firebase.storage/belajarin-ac6fd.appspot.com","rulesetName":"projects/belajarin-ac6fd/rulesets/0a851fef-29be-459d-b686-878a0381abc5"}}
[debug] [2024-01-12T10:56:13.538Z] <<< [apiv2][status] PATCH https://firebaserules.googleapis.com/v1/projects/belajarin-ac6fd/releases/firebase.storage/belajarin-ac6fd.appspot.com 200
[debug] [2024-01-12T10:56:13.538Z] <<< [apiv2][body] PATCH https://firebaserules.googleapis.com/v1/projects/belajarin-ac6fd/releases/firebase.storage/belajarin-ac6fd.appspot.com {"name":"projects/belajarin-ac6fd/releases/firebase.storage/belajarin-ac6fd.appspot.com","rulesetName":"projects/belajarin-ac6fd/rulesets/0a851fef-29be-459d-b686-878a0381abc5","createTime":"2024-01-11T18:17:19.933404Z","updateTime":"2024-01-12T10:56:14.989139Z"}
[debug] [2024-01-12T10:56:13.538Z] [rules] updated release projects/belajarin-ac6fd/releases/firebase.storage/belajarin-ac6fd.appspot.com
[info] +  storage: released rules storage.rules to firebase.storage 
[debug] [2024-01-12T10:56:13.538Z] [rules] releasing cloud.firestore/(default) with ruleset projects/belajarin-ac6fd/rulesets/df43fd55-b111-472e-9e34-3c822832c7a9
[debug] [2024-01-12T10:56:13.539Z] >>> [apiv2][query] PATCH https://firebaserules.googleapis.com/v1/projects/belajarin-ac6fd/releases/cloud.firestore/(default) [none]
[debug] [2024-01-12T10:56:13.539Z] >>> [apiv2][body] PATCH https://firebaserules.googleapis.com/v1/projects/belajarin-ac6fd/releases/cloud.firestore/(default) {"release":{"name":"projects/belajarin-ac6fd/releases/cloud.firestore/(default)","rulesetName":"projects/belajarin-ac6fd/rulesets/df43fd55-b111-472e-9e34-3c822832c7a9"}}
[debug] [2024-01-12T10:56:14.921Z] <<< [apiv2][status] PATCH https://firebaserules.googleapis.com/v1/projects/belajarin-ac6fd/releases/cloud.firestore/(default) 200
[debug] [2024-01-12T10:56:14.921Z] <<< [apiv2][body] PATCH https://firebaserules.googleapis.com/v1/projects/belajarin-ac6fd/releases/cloud.firestore/(default) {"name":"projects/belajarin-ac6fd/releases/cloud.firestore","rulesetName":"projects/belajarin-ac6fd/rulesets/df43fd55-b111-472e-9e34-3c822832c7a9","createTime":"2024-01-07T07:28:48.383881Z","updateTime":"2024-01-12T10:56:16.336793Z"}
[debug] [2024-01-12T10:56:14.921Z] [rules] updated release projects/belajarin-ac6fd/releases/cloud.firestore
[info] +  firestore: released rules firestore.rules to cloud.firestore 
[info] i  functions: creating Node.js 18 (2nd Gen) function addmessage(us-central1)... 
[info] i  functions: creating Node.js 18 (2nd Gen) function makeuppercase(us-central1)... 
[debug] [2024-01-12T10:56:14.925Z] >>> [apiv2][query] POST https://cloudfunctions.googleapis.com/v2/projects/belajarin-ac6fd/locations/us-central1/functions functionId=addmessage
[debug] [2024-01-12T10:56:14.925Z] >>> [apiv2][body] POST https://cloudfunctions.googleapis.com/v2/projects/belajarin-ac6fd/locations/us-central1/functions {"name":"projects/belajarin-ac6fd/locations/us-central1/functions/addmessage","buildConfig":{"runtime":"nodejs18","entryPoint":"addmessage","source":{"storageSource":{"bucket":"gcf-v2-uploads-256761147201-us-central1","object":"501b15ae-8f70-47aa-9b56-34fa018d2901.zip"}},"environmentVariables":{"GOOGLE_NODE_RUN_SCRIPTS":""}},"serviceConfig":{"environmentVariables":{"FIREBASE_CONFIG":"{\"projectId\":\"belajarin-ac6fd\",\"storageBucket\":\"belajarin-ac6fd.appspot.com\",\"locationId\":\"asia-southeast2\"}","GCLOUD_PROJECT":"belajarin-ac6fd","EVENTARC_CLOUD_EVENT_SOURCE":"projects/belajarin-ac6fd/locations/us-central1/services/addmessage","FUNCTION_TARGET":"addmessage"},"ingressSettings":null,"timeoutSeconds":null,"serviceAccountEmail":null,"availableMemory":"256Mi","minInstanceCount":null,"maxInstanceCount":null,"maxInstanceRequestConcurrency":80,"availableCpu":"1","vpcConnector":null,"vpcConnectorEgressSettings":null},"labels":{"deployment-tool":"cli-firebase","firebase-functions-hash":"e6d6321c83c7b2d88ce6361ff4e1a7c31f318132"}}
[debug] [2024-01-12T10:56:16.750Z] <<< [apiv2][status] POST https://cloudfunctions.googleapis.com/v2/projects/belajarin-ac6fd/locations/us-central1/functions 400
[debug] [2024-01-12T10:56:16.750Z] <<< [apiv2][body] POST https://cloudfunctions.googleapis.com/v2/projects/belajarin-ac6fd/locations/us-central1/functions {"error":{"code":400,"message":"Could not create Cloud Run service addmessage. spec.template.spec.containers.resources.limits.cpu: Invalid value specified for cpu. For the specified value, maxScale may not exceed 10.\nConsider running your workload in a region with greater capacity, decreasing your requested cpu-per-instance, or requesting an increase in quota for this region if you are seeing sustained usage near this limit, see https://cloud.google.com/run/quotas. Your project may gain access to further scaling by adding billing information to your account.","status":"INVALID_ARGUMENT"}}
[warn] !  functions: Your current project quotas don't allow for the current max instances setting of 100. Either reduce this function's maximum instances, or request a quota increase on the underlying Cloud Run service at https://cloud.google.com/run/quotas. 
[warn] !  functions: You can adjust the max instances value in your function's runtime options:
	setGlobalOptions({maxInstances: 10}) 
[error] Failed to create function projects/belajarin-ac6fd/locations/us-central1/functions/addmessage
[debug] [2024-01-12T10:56:16.753Z] >>> [apiv2][query] POST https://cloudfunctions.googleapis.com/v2/projects/belajarin-ac6fd/locations/us-central1/functions functionId=makeuppercase
[debug] [2024-01-12T10:56:16.753Z] >>> [apiv2][body] POST https://cloudfunctions.googleapis.com/v2/projects/belajarin-ac6fd/locations/us-central1/functions {"name":"projects/belajarin-ac6fd/locations/us-central1/functions/makeuppercase","buildConfig":{"runtime":"nodejs18","entryPoint":"makeuppercase","source":{"storageSource":{"bucket":"gcf-v2-uploads-256761147201-us-central1","object":"501b15ae-8f70-47aa-9b56-34fa018d2901.zip"}},"environmentVariables":{"GOOGLE_NODE_RUN_SCRIPTS":""}},"serviceConfig":{"environmentVariables":{"FIREBASE_CONFIG":"{\"projectId\":\"belajarin-ac6fd\",\"storageBucket\":\"belajarin-ac6fd.appspot.com\",\"locationId\":\"asia-southeast2\"}","GCLOUD_PROJECT":"belajarin-ac6fd","EVENTARC_CLOUD_EVENT_SOURCE":"projects/belajarin-ac6fd/locations/us-central1/services/makeuppercase","FUNCTION_SIGNATURE_TYPE":"cloudevent","FUNCTION_TARGET":"makeuppercase"},"ingressSettings":null,"timeoutSeconds":null,"serviceAccountEmail":null,"availableMemory":"256Mi","minInstanceCount":null,"maxInstanceCount":null,"maxInstanceRequestConcurrency":80,"availableCpu":"1","vpcConnector":null,"vpcConnectorEgressSettings":null},"labels":{"deployment-tool":"cli-firebase","firebase-functions-hash":"e6d6321c83c7b2d88ce6361ff4e1a7c31f318132"},"eventTrigger":{"eventType":"google.cloud.firestore.document.v1.created","retryPolicy":"RETRY_POLICY_DO_NOT_RETRY","eventFilters":[{"attribute":"database","value":"(default)"},{"attribute":"namespace","value":"(default)"},{"attribute":"document","value":"messages/{documentId}","operator":"match-path-pattern"}],"triggerRegion":"asia-southeast2"}}
[debug] [2024-01-12T10:56:20.429Z] <<< [apiv2][status] POST https://cloudfunctions.googleapis.com/v2/projects/belajarin-ac6fd/locations/us-central1/functions 400
[debug] [2024-01-12T10:56:20.429Z] <<< [apiv2][body] POST https://cloudfunctions.googleapis.com/v2/projects/belajarin-ac6fd/locations/us-central1/functions {"error":{"code":400,"message":"Could not create Cloud Run service makeuppercase. spec.template.spec.containers.resources.limits.cpu: Invalid value specified for cpu. For the specified value, maxScale may not exceed 10.\nConsider running your workload in a region with greater capacity, decreasing your requested cpu-per-instance, or requesting an increase in quota for this region if you are seeing sustained usage near this limit, see https://cloud.google.com/run/quotas. Your project may gain access to further scaling by adding billing information to your account.","status":"INVALID_ARGUMENT"}}
[warn] !  functions: Your current project quotas don't allow for the current max instances setting of 100. Either reduce this function's maximum instances, or request a quota increase on the underlying Cloud Run service at https://cloud.google.com/run/quotas. 
[warn] !  functions: You can adjust the max instances value in your function's runtime options:
	setGlobalOptions({maxInstances: 10}) 
[error] Failed to create function projects/belajarin-ac6fd/locations/us-central1/functions/makeuppercase
[debug] [2024-01-12T10:56:20.436Z] Total Function Deployment time: 5507
[debug] [2024-01-12T10:56:20.436Z] 2 Functions Deployed
[debug] [2024-01-12T10:56:20.436Z] 2 Functions Errored
[debug] [2024-01-12T10:56:20.436Z] 0 Function Deployments Aborted
[debug] [2024-01-12T10:56:20.436Z] Average Function Deployment time: 3667
[info] 
[info] Functions deploy had errors with the following functions:
	addmessage(us-central1)
	makeuppercase(us-central1)
[debug] [2024-01-12T10:56:20.533Z] Not printing URL for HTTPS function. Typically this means it didn't match a filter or we failed deployment
[info] i  functions: cleaning up build files... 
[debug] [2024-01-12T10:56:20.534Z] >>> [apiv2][query] DELETE https://artifactregistry.googleapis.com/v1beta2/projects/belajarin-ac6fd/locations/us-central1/repositories/gcf-artifacts/packages/addmessage [none]
[debug] [2024-01-12T10:56:20.535Z] >>> [apiv2][query] DELETE https://artifactregistry.googleapis.com/v1beta2/projects/belajarin-ac6fd/locations/us-central1/repositories/gcf-artifacts/packages/makeuppercase [none]
[debug] [2024-01-12T10:56:20.536Z] >>> [apiv2][query] GET https://us.gcr.io/v2/belajarin-ac6fd/gcf/us-central1/tags/list [none]
[debug] [2024-01-12T10:56:21.110Z] <<< [apiv2][status] GET https://us.gcr.io/v2/belajarin-ac6fd/gcf/us-central1/tags/list 200
[debug] [2024-01-12T10:56:21.111Z] <<< [apiv2][body] GET https://us.gcr.io/v2/belajarin-ac6fd/gcf/us-central1/tags/list {"child":[],"manifest":{},"name":"belajarin-ac6fd/gcf/us-central1","tags":[]}
[debug] [2024-01-12T10:56:21.111Z] Could not find image for function projects/belajarin-ac6fd/locations/us-central1/functions/addmessage
[debug] [2024-01-12T10:56:21.111Z] Could not find image for function projects/belajarin-ac6fd/locations/us-central1/functions/makeuppercase
[debug] [2024-01-12T10:56:21.983Z] <<< [apiv2][status] DELETE https://artifactregistry.googleapis.com/v1beta2/projects/belajarin-ac6fd/locations/us-central1/repositories/gcf-artifacts/packages/makeuppercase 404
[debug] [2024-01-12T10:56:21.984Z] <<< [apiv2][body] DELETE https://artifactregistry.googleapis.com/v1beta2/projects/belajarin-ac6fd/locations/us-central1/repositories/gcf-artifacts/packages/makeuppercase {"error":{"code":404,"message":"Package \"projects/belajarin-ac6fd/locations/us-central1/repositories/gcf-artifacts/packages/makeuppercase\" was not found.","status":"NOT_FOUND"}}
[debug] [2024-01-12T10:56:21.986Z] <<< [apiv2][status] DELETE https://artifactregistry.googleapis.com/v1beta2/projects/belajarin-ac6fd/locations/us-central1/repositories/gcf-artifacts/packages/addmessage 404
[debug] [2024-01-12T10:56:21.986Z] <<< [apiv2][body] DELETE https://artifactregistry.googleapis.com/v1beta2/projects/belajarin-ac6fd/locations/us-central1/repositories/gcf-artifacts/packages/addmessage {"error":{"code":404,"message":"Package \"projects/belajarin-ac6fd/locations/us-central1/repositories/gcf-artifacts/packages/addmessage\" was not found.","status":"NOT_FOUND"}}
[debug] [2024-01-12T10:56:21.986Z] Functions deploy failed.
[debug] [2024-01-12T10:56:21.986Z] {
  "endpoint": {
    "id": "addmessage",
    "project": "belajarin-ac6fd",
    "region": "us-central1",
    "entryPoint": "addmessage",
    "platform": "gcfv2",
    "runtime": "nodejs18",
    "httpsTrigger": {},
    "labels": {
      "deployment-tool": "cli-firebase"
    },
    "ingressSettings": null,
    "availableMemoryMb": null,
    "serviceAccount": null,
    "timeoutSeconds": null,
    "maxInstances": null,
    "minInstances": null,
    "concurrency": 80,
    "vpc": null,
    "environmentVariables": {
      "FIREBASE_CONFIG": "{\"projectId\":\"belajarin-ac6fd\",\"storageBucket\":\"belajarin-ac6fd.appspot.com\",\"locationId\":\"asia-southeast2\"}",
      "GCLOUD_PROJECT": "belajarin-ac6fd",
      "EVENTARC_CLOUD_EVENT_SOURCE": "projects/belajarin-ac6fd/locations/us-central1/services/addmessage"
    },
    "codebase": "default",
    "cpu": 1,
    "targetedByOnly": false,
    "hash": "e6d6321c83c7b2d88ce6361ff4e1a7c31f318132"
  },
  "op": "create",
  "original": {
    "name": "FirebaseError",
    "children": [],
    "context": {
      "function": "projects/belajarin-ac6fd/locations/us-central1/functions/addmessage"
    },
    "exit": 1,
    "message": "Failed to create function projects/belajarin-ac6fd/locations/us-central1/functions/addmessage",
    "original": {
      "name": "FirebaseError",
      "children": [],
      "context": {
        "body": {
          "error": {
            "code": 400,
            "message": "Could not create Cloud Run service addmessage. spec.template.spec.containers.resources.limits.cpu: Invalid value specified for cpu. For the specified value, maxScale may not exceed 10.\nConsider running your workload in a region with greater capacity, decreasing your requested cpu-per-instance, or requesting an increase in quota for this region if you are seeing sustained usage near this limit, see https://cloud.google.com/run/quotas. Your project may gain access to further scaling by adding billing information to your account.",
            "status": "INVALID_ARGUMENT"
          }
        },
        "response": {
          "statusCode": 400
        }
      },
      "exit": 1,
      "message": "HTTP Error: 400, Could not create Cloud Run service addmessage. spec.template.spec.containers.resources.limits.cpu: Invalid value specified for cpu. For the specified value, maxScale may not exceed 10.\nConsider running your workload in a region with greater capacity, decreasing your requested cpu-per-instance, or requesting an increase in quota for this region if you are seeing sustained usage near this limit, see https://cloud.google.com/run/quotas. Your project may gain access to further scaling by adding billing information to your account.",
      "status": 400
    },
    "status": 400,
    "code": 400
  }
}
[debug] [2024-01-12T10:56:21.986Z] {
  "endpoint": {
    "id": "makeuppercase",
    "project": "belajarin-ac6fd",
    "region": "us-central1",
    "entryPoint": "makeuppercase",
    "platform": "gcfv2",
    "runtime": "nodejs18",
    "eventTrigger": {
      "eventType": "google.cloud.firestore.document.v1.created",
      "retry": false,
      "eventFilters": {
        "database": "(default)",
        "namespace": "(default)"
      },
      "eventFilterPathPatterns": {
        "document": "messages/{documentId}"
      },
      "region": "asia-southeast2"
    },
    "labels": {
      "deployment-tool": "cli-firebase"
    },
    "ingressSettings": null,
    "availableMemoryMb": null,
    "serviceAccount": null,
    "timeoutSeconds": null,
    "maxInstances": null,
    "minInstances": null,
    "concurrency": 80,
    "vpc": null,
    "environmentVariables": {
      "FIREBASE_CONFIG": "{\"projectId\":\"belajarin-ac6fd\",\"storageBucket\":\"belajarin-ac6fd.appspot.com\",\"locationId\":\"asia-southeast2\"}",
      "GCLOUD_PROJECT": "belajarin-ac6fd",
      "EVENTARC_CLOUD_EVENT_SOURCE": "projects/belajarin-ac6fd/locations/us-central1/services/makeuppercase"
    },
    "codebase": "default",
    "cpu": 1,
    "targetedByOnly": false,
    "hash": "e6d6321c83c7b2d88ce6361ff4e1a7c31f318132"
  },
  "op": "create",
  "original": {
    "name": "FirebaseError",
    "children": [],
    "context": {
      "function": "projects/belajarin-ac6fd/locations/us-central1/functions/makeuppercase"
    },
    "exit": 1,
    "message": "Failed to create function projects/belajarin-ac6fd/locations/us-central1/functions/makeuppercase",
    "original": {
      "name": "FirebaseError",
      "children": [],
      "context": {
        "body": {
          "error": {
            "code": 400,
            "message": "Could not create Cloud Run service makeuppercase. spec.template.spec.containers.resources.limits.cpu: Invalid value specified for cpu. For the specified value, maxScale may not exceed 10.\nConsider running your workload in a region with greater capacity, decreasing your requested cpu-per-instance, or requesting an increase in quota for this region if you are seeing sustained usage near this limit, see https://cloud.google.com/run/quotas. Your project may gain access to further scaling by adding billing information to your account.",
            "status": "INVALID_ARGUMENT"
          }
        },
        "response": {
          "statusCode": 400
        }
      },
      "exit": 1,
      "message": "HTTP Error: 400, Could not create Cloud Run service makeuppercase. spec.template.spec.containers.resources.limits.cpu: Invalid value specified for cpu. For the specified value, maxScale may not exceed 10.\nConsider running your workload in a region with greater capacity, decreasing your requested cpu-per-instance, or requesting an increase in quota for this region if you are seeing sustained usage near this limit, see https://cloud.google.com/run/quotas. Your project may gain access to further scaling by adding billing information to your account.",
      "status": 400
    },
    "status": 400,
    "code": 400
  }
}
[error] Error: There was an error deploying functions:
[error] - Error Failed to create function addmessage in region us-central1
[error] - Error Failed to create function makeuppercase in region us-central1
